<?xml version="1.0" encoding="utf-8"?><testsuites><testsuite name="pytest" errors="0" failures="1" skipped="5" tests="1986" time="107.479" timestamp="2026-04-07T00:05:58.685949-04:00" hostname="pikpikcu"><properties>
[...]
</properties><testcase classname="tests.proxy.agent.test_adaptive_learning.TestToolPerformance" name="test_creation" time="0.045" /><testcase classname="tests.proxy.agent.test_adaptive_learning.TestAdaptiveLearningEngine" name="test_init" time="0.002" /><testcase classname="tests.proxy.agent.test_agent_graph.TestAgentNodeDataclass" name="test_basic_creation" time="0.001" /><testcase classname="tests.proxy.agent.test_agent_graph.TestAgentNodeDataclass" name="test_custom_iterations_and_deps" time="0.002" /><testcase classname="tests.proxy.agent.test_agent_graph.TestAgentNodeDataclass" name="test_all_roles_instantiable" time="0.001" /><testcase classname="tests.proxy.agent.test_agent_graph.TestAgentEdgeDataclass" name="test_basic_creation" time="0.001" /><testcase classname="tests.proxy.agent.test_agent_graph.TestAgentGraphConstruction" name="test_add_node" time="0.001" /><testcase classname="tests.proxy.agent.test_agent_graph.TestAgentGraphConstruction" name="test_add_edge_valid" time="0.002" /><testcase classname="tests.proxy.agent.test_agent_graph.TestAgentGraphConstruction" name="test_add_edge_unknown_source_raises" time="0.001" /><testcase classname="tests.proxy.agent.test_agent_graph.TestAgentGraphConstruction" name="test_add_edge_unknown_target_raises" time="0.001" /><testcase classname="tests.proxy.agent.test_agent_graph.TestAgentGraphConstruction" name="test_duplicate_dep_not_added_twice" time="0.001" /><testcase classname="tests.proxy.agent.test_agent_graph.TestExecutionOrder" name="test_linear_chain_order" time="0.001" /><testcase classname="tests.proxy.agent.test_agent_graph.TestExecutionOrder" name="test_single_node" time="0.001" /><testcase classname="tests.proxy.agent.test_agent_graph.TestExecutionOrder" name="test_empty_graph" time="0.001" /><testcase classname="tests.proxy.agent.test_agent_graph.TestExecutionOrder" name="test_diamond_dependency" time="0.001" /><testcase classname="tests.proxy.agent.test_agent_graph.TestExecutionOrder" name="test_cycle_raises" time="0.002" /><testcase classname="tests.proxy.agent.test_agent_graph.TestExecutionOrder" name="test_unknown_dependency_raises" time="0.001" /><testcase classname="tests.proxy.agent.test_agent_graph.TestCreateDefaultGraph" name="test_returns_agent_graph" time="0.001" /><testcase classname="tests.proxy.agent.test_agent_graph.TestCreateDefaultGraph" name="test_has_expected_nodes" time="0.001" /><testcase classname="tests.proxy.agent.test_agent_graph.TestCreateDefaultGraph" name="test_execution_order_valid" time="0.001" /><testcase classname="tests.proxy.agent.test_agent_graph.TestCreateDefaultGraph" name="test_target_stored" time="0.001" /><testcase classname="tests.proxy.agent.test_agent_graph.TestCreateDefaultGraph" name="test_with_prompt_context" time="0.001" /><testcase classname="tests.proxy.agent.test_agent_graph.TestAgentGraphExecute" name="test_execute_yields_events_per_node" time="0.009" /><testcase classname="tests.proxy.agent.test_agent_graph.TestAgentGraphExecute" name="test_execute_attaches_source_node_to_events" time="0.004" /><testcase classname="tests.proxy.agent.test_app_model.TestUpdateFromResponse" name="test_records_endpoint_and_method" time="0.001" /><testcase classname="tests.proxy.agent.test_app_model.TestUpdateFromResponse" name="test_records_param_names" time="0.001" /><testcase classname="tests.proxy.agent.test_app_model.TestUpdateFromResponse" name="test_detects_bearer_auth_from_401" time="0.002" /><testcase classname="tests.proxy.agent.test_app_model.TestUpdateFromResponse" name="test_detects_basic_auth_from_401" time="0.002" /><testcase classname="tests.proxy.agent.test_app_model.TestUpdateFromResponse" name="test_detects_cookie_auth_from_set_cookie" time="0.001" /><testcase classname="tests.proxy.agent.test_app_model.TestUpdateFromResponse" name="test_detects_role_from_body" time="0.001" /><testcase classname="tests.proxy.agent.test_app_model.TestUpdateFromResponse" name="test_extracts_api_schema_from_json" time="0.001" /><testcase classname="tests.proxy.agent.test_app_model.TestUpdateFromResponse" name="test_multiple_methods_on_same_endpoint" time="0.001" /><testcase classname="tests.proxy.agent.test_app_model.TestBuildContext" name="test_returns_empty_when_no_data" time="0.001" /><testcase classname="tests.proxy.agent.test_app_model.TestBuildContext" name="test_returns_xml_with_endpoints" time="0.001" /><testcase classname="tests.proxy.agent.test_app_model.TestBuildContext" name="test_includes_auth_info" time="0.001" /><testcase classname="tests.proxy.agent.test_app_model.TestBuildContext" name="test_includes_roles" time="0.001" /><testcase classname="tests.proxy.agent.test_app_model.TestSessionDataAppModel" name="test_session_has_app_model" time="0.001" /><testcase classname="tests.proxy.agent.test_app_model.TestSessionDataAppModel" name="test_session_has_waf_profiles" time="0.001" /><testcase classname="tests.proxy.agent.test_auth_manager" name="test_auto_reauth_includes_extra_fields_and_rebinds_csrf" time="0.081" /><testcase classname="tests.proxy.agent.test_auth_manager" name="test_login_page_content_not_treated_as_success" time="0.012" /><testcase classname="tests.proxy.agent.test_auth_manager" name="test_redirect_to_login_not_treated_as_success" time="0.011" /><testcase classname="tests.proxy.agent.test_budget_pressure.TestBudgetPressureCascade" name="test_no_message_below_70pct" time="0.004" /><testcase classname="tests.proxy.agent.test_budget_pressure.TestBudgetPressureCascade" name="test_level1_fires_at_70pct" time="0.003" /><testcase classname="tests.proxy.agent.test_budget_pressure.TestBudgetPressureCascade" name="test_level2_fires_at_85pct" time="0.003" /><testcase classname="tests.proxy.agent.test_budget_pressure.TestBudgetPressureCascade" name="test_level3_fires_at_95pct" time="0.002" /><testcase classname="tests.proxy.agent.test_budget_pressure.TestBudgetPressureCascade" name="test_level4_fires_at_100pct" time="0.003" /><testcase classname="tests.proxy.agent.test_budget_pressure.TestBudgetPressureCascade" name="test_each_level_fires_exactly_once" time="0.003" /><testcase classname="tests.proxy.agent.test_budget_pressure.TestBudgetPressureCascade" name="test_budget_pressure_level_initialises_at_zero" time="0.002" /><testcase classname="tests.proxy.agent.test_budget_pressure.TestBudgetPressureCascade" name="test_remaining_count_in_message" time="0.002" /><testcase classname="tests.proxy.agent.test_chain_planner.TestExploitChain" name="test_current_step_returns_first_pending" time="0.002" /><testcase classname="tests.proxy.agent.test_chain_planner.TestExploitChain" name="test_current_step_none_when_complete" time="0.001" /><testcase classname="tests.proxy.agent.test_chain_planner.TestExploitChain" name="test_advance_marks_step_done" time="0.001" /><testcase classname="tests.proxy.agent.test_chain_planner.TestExploitChain" name="test_advance_changes_status_to_active" time="0.001" /><testcase classname="tests.proxy.agent.test_chain_planner.TestExploitChain" name="test_advance_completes_chain" time="0.001" /><testcase classname="tests.proxy.agent.test_chain_planner.TestExploitChain" name="test_completed_steps_returns_done" time="0.001" /><testcase classname="tests.proxy.agent.test_chain_planner.TestExploitChain" name="test_pending_steps_returns_not_done" time="0.001" /><testcase classname="tests.proxy.agent.test_chain_planner.TestPlanChains" name="test_matches_sqli_vuln_to_chain" time="0.015" /><testcase classname="tests.proxy.agent.test_chain_planner.TestPlanChains" name="test_matches_xss_vuln_to_chain" time="0.006" /><testcase classname="tests.proxy.agent.test_chain_planner.TestPlanChains" name="test_skips_existing_chain_ids" time="0.009" /><testcase classname="tests.proxy.agent.test_chain_planner.TestPlanChains" name="test_chain_id_is_stable_across_iterations" time="0.009" /><testcase classname="tests.proxy.agent.test_chain_planner.TestPlanChains" name="test_uses_title_when_finding_missing" time="0.007" /><testcase classname="tests.proxy.agent.test_chain_planner.TestPlanChains" name="test_empty_vulns_returns_no_chains" time="0.002" /><testcase classname="tests.proxy.agent.test_chain_planner.TestPlanChains" name="test_respects_max_chains" time="0.020" /><testcase classname="tests.proxy.agent.test_chain_planner.TestPlanChains" name="test_uses_causal_hypotheses_as_additional_candidates" time="0.006" /><testcase classname="tests.proxy.agent.test_chain_planner.TestPlanChains" name="test_causal_hypothesis_below_posterior_threshold_filtered" time="0.002" /><testcase classname="tests.proxy.agent.test_chain_planner.TestPlanChains" name="test_causal_hypothesis_high_posterior_triggers_chain" time="0.007" /><testcase classname="tests.proxy.agent.test_chain_planner.TestPlanChains" name="test_chain_has_steps" time="0.006" /><testcase classname="tests.proxy.agent.test_chain_planner.TestPlanChains" name="test_chain_has_vuln_basis" time="0.006" /><testcase classname="tests.proxy.agent.test_chain_planner.TestPlanChains" name="test_word_boundary_trigger_avoids_substring_false_positive" time="0.002" /><testcase classname="tests.proxy.agent.test_chain_planner.TestPlanChains" name="test_prioritizes_high_severity_finding_first" time="0.002" /><testcase classname="tests.proxy.agent.test_chain_planner.TestPlanChains" name="test_semantic_trigger_matches_synonym" time="0.002" /><testcase classname="tests.proxy.agent.test_chain_planner.TestPlanChains" name="test_semantic_trigger_rejects_unverified_vuln" time="0.002" /><testcase classname="tests.proxy.agent.test_chain_planner.TestAdvanceChain" name="test_advances_chain" time="0.002" /><testcase classname="tests.proxy.agent.test_chain_planner.TestAdvanceChain" name="test_returns_none_when_complete" time="0.002" /><testcase classname="tests.proxy.agent.test_chain_planner.TestBuildChainContext" name="test_returns_empty_for_no_active_chains" time="0.002" /><testcase classname="tests.proxy.agent.test_chain_planner.TestBuildChainContext" name="test_returns_empty_for_empty_list" time="0.002" /><testcase classname="tests.proxy.agent.test_chain_planner.TestBuildChainContext" name="test_returns_xml_with_chain_info" time="0.002" /><testcase classname="tests.proxy.agent.test_chain_planner.TestBuildChainContext" name="test_shows_current_step" time="0.002" /><testcase classname="tests.proxy.agent.test_chain_planner.TestBuildChainContext" name="test_respects_max_chains" time="0.002" /><testcase classname="tests.proxy.agent.test_chain_planner.TestBuildChainContext" name="test_contains_instruction" time="0.002" /><testcase classname="tests.proxy.agent.test_command_parse.TestExtractPrimaryBinaryBasic" name="test_empty_string" time="0.002" /><testcase classname="tests.proxy.agent.test_command_parse.TestExtractPrimaryBinaryBasic" name="test_none_like_empty" time="0.002" /><testcase classname="tests.proxy.agent.test_command_parse.TestExtractPrimaryBinaryBasic" name="test_simple_binary" time="0.002" /><testcase classname="tests.proxy.agent.test_command_parse.TestExtractPrimaryBinaryBasic" name="test_full_path_binary" time="0.002" /><testcase classname="tests.proxy.agent.test_command_parse.TestExtractPrimaryBinaryBasic" name="test_lowercase_output" time="0.002" /><testcase classname="tests.proxy.agent.test_command_parse.TestExtractPrimaryBinaryBasic" name="test_flag_only_no_binary" time="0.002" /><testcase classname="tests.proxy.agent.test_command_parse.TestExtractPrimaryBinaryWorkspacePrefix" name="test_strips_cd_workspace_prefix" time="0.002" /><testcase classname="tests.proxy.agent.test_command_parse.TestExtractPrimaryBinaryWorkspacePrefix" name="test_strips_cd_workspace_with_domain" time="0.002" /><testcase classname="tests.proxy.agent.test_command_parse.TestExtractPrimaryBinaryWorkspacePrefix" name="test_strips_cd_workspace_no_subdir" time="0.002" /><testcase classname="tests.proxy.agent.test_command_parse.TestExtractPrimaryBinaryWorkspacePrefix" name="test_strips_cd_workspace_no_subdir_subfinder" time="0.002" /><testcase classname="tests.proxy.agent.test_command_parse.TestExtractPrimaryBinarySudo" name="test_sudo_simple" time="0.002" /><testcase classname="tests.proxy.agent.test_command_parse.TestExtractPrimaryBinarySudo" name="test_sudo_full_path" time="0.002" /><testcase classname="tests.proxy.agent.test_command_parse.TestExtractPrimaryBinarySudo" name="test_sudo_with_flags" time="0.002" /><testcase classname="tests.proxy.agent.test_command_parse.TestExtractPrimaryBinaryTimeout" name="test_timeout_seconds" time="0.002" /><testcase classname="tests.proxy.agent.test_command_parse.TestExtractPrimaryBinaryTimeout" name="test_timeout_with_unit" time="0.002" /><testcase classname="tests.proxy.agent.test_command_parse.TestExtractPrimaryBinaryTimeout" name="test_timeout_with_double_dash" time="0.002" /><testcase classname="tests.proxy.agent.test_command_parse.TestExtractPrimaryBinaryStdbuf" name="test_stdbuf_oL" time="0.002" /><testcase classname="tests.proxy.agent.test_command_parse.TestExtractPrimaryBinaryStdbuf" name="test_stdbuf_multiple_flags" time="0.002" /><testcase classname="tests.proxy.agent.test_command_parse.TestExtractPrimaryBinaryEnv" name="test_env_key_value" time="0.002" /><testcase classname="tests.proxy.agent.test_command_parse.TestExtractPrimaryBinaryEnv" name="test_env_multiple_assignments" time="0.002" /><testcase classname="tests.proxy.agent.test_command_parse.TestExtractPrimaryBinaryEnv" name="test_env_dash_i" time="0.002" /><testcase classname="tests.proxy.agent.test_command_parse.TestExtractPrimaryBinaryEnv" name="test_env_double_dash" time="0.002" /><testcase classname="tests.proxy.agent.test_command_parse.TestExtractPrimaryBinaryShellTrampoline" name="test_bash_c" time="0.002" /><testcase classname="tests.proxy.agent.test_command_parse.TestExtractPrimaryBinaryShellTrampoline" name="test_sh_c" time="0.002" /><testcase classname="tests.proxy.agent.test_command_parse.TestExtractPrimaryBinaryShellTrampoline" name="test_bash_lc" time="0.002" /><testcase classname="tests.proxy.agent.test_command_parse.TestExtractPrimaryBinaryShellTrampoline" name="test_full_path_bash" time="0.002" /><testcase classname="tests.proxy.agent.test_command_parse.TestExtractPrimaryBinaryShellTrampoline" name="test_shell_only_no_nested" time="0.001" /><testcase classname="tests.proxy.agent.test_command_parse.TestExtractPrimaryBinaryNohupNice" name="test_nohup" time="0.001" /><testcase classname="tests.proxy.agent.test_command_parse.TestExtractPrimaryBinaryNohupNice" name="test_nice" time="0.001" /><testcase classname="tests.proxy.agent.test_command_parse.TestExtractPrimaryBinaryEdgeCases" name="test_unbalanced_quotes_fallback" time="0.001" /><testcase classname="tests.proxy.agent.test_command_parse.TestExtractPrimaryBinaryEdgeCases" name="test_chained_wrappers" time="0.001" /><testcase classname="tests.proxy.agent.test_command_parse.TestExtractPrimaryBinaryEdgeCases" name="test_tool_with_version_flag" time="0.001" /><testcase classname="tests.proxy.agent.test_command_parse.TestExtractPrimaryBinaryEdgeCases" name="test_binary_with_hyphen" time="0.001" /><testcase classname="tests.proxy.agent.test_context_recovery.TestInitialState" name="test_adaptive_num_ctx_starts_zero" time="0.001" /><testcase classname="tests.proxy.agent.test_context_recovery.TestInitialState" name="test_vram_crash_count_starts_zero" time="0.002" /><testcase classname="tests.proxy.agent.test_context_recovery.TestInitialState" name="test_token_usage_limit_default" time="0.001" /><testcase classname="tests.proxy.agent.test_context_recovery.TestInitialState" name="test_token_usage_used_default" time="0.002" /><testcase classname="tests.proxy.agent.test_context_recovery.TestAdaptiveNumCtxPersistence" name="test_zero_means_use_config_default" time="0.002" /><testcase classname="tests.proxy.agent.test_context_recovery.TestAdaptiveNumCtxPersistence" name="test_nonzero_overrides_config" time="0.002" /><testcase classname="tests.proxy.agent.test_context_recovery.TestAdaptiveNumCtxPersistence" name="test_crash_count_increments_independently" time="0.002" /><testcase classname="tests.proxy.agent.test_context_recovery.TestMultiLevelEscalationLogic" name="test_tier1_uses_num_ctx_small" time="0.001" /><testcase classname="tests.proxy.agent.test_context_recovery.TestMultiLevelEscalationLogic" name="test_tier2_halves_ctx" time="0.001" /><testcase classname="tests.proxy.agent.test_context_recovery.TestMultiLevelEscalationLogic" name="test_tier3_quarters_ctx" time="0.001" /><testcase classname="tests.proxy.agent.test_context_recovery.TestMultiLevelEscalationLogic" name="test_tier4_uses_minimum" time="0.001" /><testcase classname="tests.proxy.agent.test_context_recovery.TestMultiLevelEscalationLogic" name="test_tier5_same_as_tier4" time="0.002" /><testcase classname="tests.proxy.agent.test_context_recovery.TestMultiLevelEscalationLogic" name="test_small_num_ctx_floored_at_4096_tier2" time="0.001" /><testcase classname="tests.proxy.agent.test_context_recovery.TestMultiLevelEscalationLogic" name="test_small_num_ctx_floored_at_4096_tier3" time="0.001" /><testcase classname="tests.proxy.agent.test_context_recovery.TestMultiLevelEscalationLogic" name="test_retry_guard_allows_four_vram_retries" time="0.001" /><testcase classname="tests.proxy.agent.test_context_recovery.TestProactiveContextMonitoring" name="test_80_percent_threshold_triggers_trim" time="0.001" /><testcase classname="tests.proxy.agent.test_context_recovery.TestProactiveContextMonitoring" name="test_79_percent_does_not_trigger" time="0.001" /><testcase classname="tests.proxy.agent.test_context_recovery.TestProactiveContextMonitoring" name="test_90_percent_uses_more_aggressive_trim" time="0.001" /><testcase classname="tests.proxy.agent.test_context_recovery.TestProactiveContextMonitoring" name="test_zero_ctx_used_skips_check" time="0.001" /><testcase classname="tests.proxy.agent.test_context_recovery.TestProactiveContextMonitoring" name="test_zero_ctx_limit_skips_check" time="0.001" /><testcase classname="tests.proxy.agent.test_context_recovery.TestProactiveContextMonitoring" name="test_token_usage_limit_synced_with_adaptive_ctx" time="0.001" /><testcase classname="tests.proxy.agent.test_context_recovery.TestProactiveContextMonitoring" name="test_token_usage_limit_updates_after_override" time="0.001" /><testcase classname="tests.proxy.agent.test_context_recovery.TestNumKeepClamping" name="test_num_keep_is_clamped_when_ctx_shrinks" time="0.002" /><testcase classname="tests.proxy.agent.test_context_recovery.TestNumKeepClamping" name="test_num_keep_kept_when_within_budget" time="0.001" /><testcase classname="tests.proxy.agent.test_context_recovery.TestNumKeepClamping" name="test_num_keep_never_negative" time="0.002" /><testcase classname="tests.proxy.agent.test_context_recovery.TestVramCrashDetection" name="test_oom_detected" time="0.001" /><testcase classname="tests.proxy.agent.test_context_recovery.TestVramCrashDetection" name="test_cuda_oom_detected" time="0.001" /><testcase classname="tests.proxy.agent.test_context_recovery.TestVramCrashDetection" name="test_html_error_page_detected" time="0.001" /><testcase classname="tests.proxy.agent.test_context_recovery.TestVramCrashDetection" name="test_killed_signal_detected" time="0.001" /><testcase classname="tests.proxy.agent.test_context_recovery.TestVramCrashDetection" name="test_llm_runner_dead_detected" time="0.001" /><testcase classname="tests.proxy.agent.test_context_recovery.TestVramCrashDetection" name="test_normal_error_not_vram" time="0.001" /><testcase classname="tests.proxy.agent.test_context_recovery.TestVramCrashDetection" name="test_timeout_not_vram" time="0.001" /><testcase classname="tests.proxy.agent.test_context_recovery.TestVramCrashDetection" name="test_model_not_found_not_vram" time="0.001" /><testcase classname="tests.proxy.agent.test_context_recovery.TestOllamaResetFallback" name="test_reset_context_retries_and_succeeds" time="0.755" /><testcase classname="tests.proxy.agent.test_context_recovery.TestOllamaResetFallback" name="test_reset_context_failure_triggers_local_fallback" time="0.755" /><testcase classname="tests.proxy.agent.test_context_recovery.TestPsContextResetGuard" name="test_high_ps_context_does_not_reset_when_local_used_is_low" time="0.005" /><testcase classname="tests.proxy.agent.test_context_recovery.TestPsContextResetGuard" name="test_reset_cooldown_blocks_repeat_resets" time="0.005" /><testcase classname="tests.proxy.agent.test_context_recovery.TestPsContextResetGuard" name="test_reset_cooldown_honors_config_override_zero" time="0.006" /><testcase classname="tests.proxy.agent.test_cross_session_memory.TestFindPriorSession" name="test_returns_none_when_no_sessions_dir" time="0.004" /><testcase classname="tests.proxy.agent.test_cross_session_memory.TestFindPriorSession" name="test_returns_none_when_no_sessions" time="0.004" /><testcase classname="tests.proxy.agent.test_cross_session_memory.TestFindPriorSession" name="test_returns_none_when_no_progress" time="0.005" /><testcase classname="tests.proxy.agent.test_cross_session_memory.TestFindPriorSession" name="test_finds_session_with_scan_count_gte_3" time="0.005" /><testcase classname="tests.proxy.agent.test_cross_session_memory.TestFindPriorSession" name="test_finds_session_with_completed_phases" time="0.005" /><testcase classname="tests.proxy.agent.test_cross_session_memory.TestFindPriorSession" name="test_returns_none_for_different_target" time="0.004" /><testcase classname="tests.proxy.agent.test_cross_session_memory.TestFindPriorSession" name="test_target_comparison_is_case_insensitive" time="0.005" /><testcase classname="tests.proxy.agent.test_cross_session_memory.TestFindPriorSession" name="test_returns_most_recent_session" time="0.006" /><testcase classname="tests.proxy.agent.test_cross_session_memory.TestFindPriorSession" name="test_skips_malformed_session_files" time="0.005" /><testcase classname="tests.proxy.agent.test_cross_session_memory.TestMergePriorFindings" name="test_target_mismatch_is_skipped" time="0.002" /><testcase classname="tests.proxy.agent.test_cross_session_memory.TestMergePriorFindings" name="test_merges_subdomains" time="0.002" /><testcase classname="tests.proxy.agent.test_cross_session_memory.TestMergePriorFindings" name="test_deduplicates_subdomains" time="0.002" /><testcase classname="tests.proxy.agent.test_cross_session_memory.TestMergePriorFindings" name="test_merges_live_hosts" time="0.002" /><testcase classname="tests.proxy.agent.test_cross_session_memory.TestMergePriorFindings" name="test_merges_open_ports_new_host" time="0.002" /><testcase classname="tests.proxy.agent.test_cross_session_memory.TestMergePriorFindings" name="test_merges_open_ports_existing_host_union" time="0.002" /><testcase classname="tests.proxy.agent.test_cross_session_memory.TestMergePriorFindings" name="test_merges_urls_capped_at_max" time="0.004" /><testcase classname="tests.proxy.agent.test_cross_session_memory.TestMergePriorFindings" name="test_merges_technologies" time="0.002" /><testcase classname="tests.proxy.agent.test_cross_session_memory.TestMergePriorFindings" name="test_does_not_overwrite_existing_technologies" time="0.002" /><testcase classname="tests.proxy.agent.test_cross_session_memory.TestMergePriorFindings" name="test_merges_injection_points_deduped" time="0.002" /><testcase classname="tests.proxy.agent.test_cross_session_memory.TestMergePriorFindings" name="test_merges_attack_chains_by_name" time="0.002" /><testcase classname="tests.proxy.agent.test_cross_session_memory.TestMergePriorFindings" name="test_does_not_merge_vulnerabilities" time="0.002" /><testcase classname="tests.proxy.agent.test_cross_session_memory.TestMergePriorFindings" name="test_empty_prior_session_is_harmless" time="0.002" /><testcase classname="tests.proxy.agent.test_executors" name="test_execute_allows_caido_setup_for_first_bootstrap" time="0.008" /><testcase classname="tests.proxy.agent.test_executors" name="test_execute_rejects_caido_setup_when_token_exists" time="0.003" /><testcase classname="tests.proxy.agent.test_executors" name="test_execute_rejects_direct_caido_graphql_login" time="0.003" /><testcase classname="tests.proxy.agent.test_executors" name="test_caido_list_requests_applies_filter_and_limit" time="0.004" /><testcase classname="tests.proxy.agent.test_executors" name="test_caido_sitemap_children_uses_parent_id_variable" time="0.004" /><testcase classname="tests.proxy.agent.test_executors" name="test_caido_set_scope_updates_existing_scope" time="0.004" /><testcase classname="tests.proxy.agent.test_executors" name="test_caido_automate_rejects_invalid_payload_shape" time="0.004" /><testcase classname="tests.proxy.agent.test_executors" name="test_execute_local_browser_tool" time="0.007" /><testcase classname="tests.proxy.agent.test_executors" name="test_execute_filesystem_tool_read" time="0.006" /><testcase classname="tests.proxy.agent.test_executors" name="test_execute_web_search_tool" time="0.011" /><testcase classname="tests.proxy.agent.test_executors" name="test_execute_report_tool" time="0.014" /><testcase classname="tests.proxy.agent.test_executors" name="test_execute_report_tool_marks_existing_vulnerability" time="0.006" /><testcase classname="tests.proxy.agent.test_executors" name="test_execute_report_tool_does_not_append_unmatched_title" time="0.006" /><testcase classname="tests.proxy.agent.test_executors" name="test_schemathesis_malformed_schema_url_dict" time="0.004" /><testcase classname="tests.proxy.agent.test_executors" name="test_schemathesis_malformed_max_examples" time="0.005" /><testcase classname="tests.proxy.agent.test_executors" name="test_schemathesis_engine_failure_not_masked" time="0.005" /><testcase classname="tests.proxy.agent.test_executors" name="test_schemathesis_happy_path" time="0.005" /><testcase classname="tests.proxy.agent.test_executors" name="test_browser_action_timeout_reads_config" time="0.002" /><testcase classname="tests.proxy.agent.test_executors" name="test_browser_action_timeout_not_hardcoded" time="0.002" /><testcase classname="tests.proxy.agent.test_executors" name="test_browser_action_enum_has_auth_actions" time="0.003" /><testcase classname="tests.proxy.agent.test_executors" name="test_browser_action_has_auth_param_descriptions" time="0.003" /><testcase classname="tests.proxy.agent.test_executors" name="test_http_observe_missing_url" time="0.004" /><testcase classname="tests.proxy.agent.test_executors" name="test_http_observe_basic_get" time="0.006" /><testcase classname="tests.proxy.agent.test_executors" name="test_http_observe_save_as_stores_baseline" time="0.005" /><testcase classname="tests.proxy.agent.test_executors" name="test_http_observe_compare_to_missing_baseline" time="0.008" /><testcase classname="tests.proxy.agent.test_executors" name="test_http_observe_diff_detects_status_change" time="0.004" /><testcase classname="tests.proxy.agent.test_executors" name="test_parse_http_response_basic" time="0.002" /><testcase classname="tests.proxy.agent.test_executors" name="test_parse_http_response_empty" time="0.002" /><testcase classname="tests.proxy.agent.test_executors" name="test_parse_http_response_last_block_wins" time="0.002" /><testcase classname="tests.proxy.agent.test_executors" name="test_diff_http_responses_no_change" time="0.002" /><testcase classname="tests.proxy.agent.test_executors" name="test_http_observe_in_tools_json" time="0.002" /><testcase classname="tests.proxy.agent.test_executors_browser.TestBrowserExecutor" name="test_module_imports" time="0.002" /><testcase classname="tests.proxy.agent.test_executors_caido.TestCaidoExecutor" name="test_module_imports" time="0.002" /><testcase classname="tests.proxy.agent.test_executors_catalog.TestExecutorsCatalog" name="test_module_imports" time="0.002" /><testcase classname="tests.proxy.agent.test_executors_dispatch.TestDispatchExecutorMixin" name="test_init" time="0.002" /><testcase classname="tests.proxy.agent.test_executors_filesystem.TestFilesystemExecutor" name="test_module_imports" time="0.002" /><testcase classname="tests.proxy.agent.test_executors_fuzzing.TestFuzzingExecutor" name="test_module_imports" time="0.002" /><testcase classname="tests.proxy.agent.test_executors_interactive.TestInteractiveExecutor" name="test_module_imports" time="0.001" /><testcase classname="tests.proxy.agent.test_executors_observe.TestObserveExecutor" name="test_module_imports" time="0.002" /><testcase classname="tests.proxy.agent.test_executors_recon_dedup" name="test_extract_command_binary_handles_cd_and_sudo" time="0.002" /><testcase classname="tests.proxy.agent.test_executors_recon_dedup" name="test_extract_command_binary_handles_wrappers" time="0.002" /><testcase classname="tests.proxy.agent.test_executors_recon_dedup" name="test_recon_subdomain_bins_loaded_from_metadata" time="0.002" /><testcase classname="tests.proxy.agent.test_executors_recon_dedup" name="test_recon_repeat_blocked_for_subfinder_after_first_run" time="0.006" /><testcase classname="tests.proxy.agent.test_executors_recon_dedup" name="test_recon_repeat_not_blocked_for_non_recon_binary" time="0.002" /><testcase classname="tests.proxy.agent.test_executors_recon_dedup" name="test_extract_command_binary_handles_shell_trampoline" time="0.002" /><testcase classname="tests.proxy.agent.test_executors_recon_dedup" name="test_extract_command_binary_handles_timeout_and_env_options" time="0.002" /><testcase classname="tests.proxy.agent.test_executors_reporting.TestReportingExecutor" name="test_module_imports" time="0.001" /><testcase classname="tests.proxy.agent.test_file_reference.TestParseRefs" name="test_single_file_ref" time="0.001" /><testcase classname="tests.proxy.agent.test_file_reference.TestParseRefs" name="test_directory_ref" time="0.001" /><testcase classname="tests.proxy.agent.test_file_reference.TestParseRefs" name="test_multiple_refs" time="0.001" /><testcase classname="tests.proxy.agent.test_file_reference.TestParseRefs" name="test_no_refs" time="0.001" /><testcase classname="tests.proxy.agent.test_file_reference.TestParseRefs" name="test_trailing_punctuation_stripped" time="0.002" /><testcase classname="tests.proxy.agent.test_file_reference.TestParseRefs" name="test_trailing_comma_stripped" time="0.002" /><testcase classname="tests.proxy.agent.test_file_reference.TestParseRefs" name="test_empty_message" time="0.002" /><testcase classname="tests.proxy.agent.test_file_reference.TestParseRefs" name="test_ref_at_start" time="0.002" /><testcase classname="tests.proxy.agent.test_file_reference.TestParseRefs" name="test_ref_in_quotes_ignored" time="0.002" /><testcase classname="tests.proxy.agent.test_file_reference.TestParseRefs" name="test_quoted_ref_with_spaces_parsed" time="0.002" /><testcase classname="tests.proxy.agent.test_file_reference.TestParseRefs" name="test_single_quoted_ref_with_spaces_parsed" time="0.002" /><testcase classname="tests.proxy.agent.test_file_reference.TestStripRefs" name="test_replaces_ref_with_name" time="0.002" /><testcase classname="tests.proxy.agent.test_file_reference.TestStripRefs" name="test_multiple_refs_stripped" time="0.002" /><testcase classname="tests.proxy.agent.test_file_reference.TestStripRefs" name="test_no_refs_unchanged" time="0.001" /><testcase classname="tests.proxy.agent.test_file_reference.TestStripRefs" name="test_directory_ref_uses_dir_name" time="0.002" /><testcase classname="tests.proxy.agent.test_file_reference.TestStripRefs" name="test_trailing_comma_preserved_in_strip" time="0.002" /><testcase classname="tests.proxy.agent.test_file_reference.TestStripRefs" name="test_strip_refs_raw_matches_original_exactly" time="0.002" /><testcase classname="tests.proxy.agent.test_file_reference.TestStripRefs" name="test_overlapping_path_prefixes_are_replaced_correctly" time="0.002" /><testcase classname="tests.proxy.agent.test_file_reference.TestResolveTextFile" name="test_text_file_resolved" time="0.003" /><testcase classname="tests.proxy.agent.test_file_reference.TestResolveTextFile" name="test_text_file_shows_line_count" time="0.003" /><testcase classname="tests.proxy.agent.test_file_reference.TestResolveTextFile" name="test_json_file_resolved" time="0.003" /><testcase classname="tests.proxy.agent.test_file_reference.TestResolveTextFile" name="test_nonexistent_file_returns_error" time="0.002" /><testcase classname="tests.proxy.agent.test_file_reference.TestResolveTextFile" name="test_unknown_extension_treated_as_text" time="0.003" /><testcase classname="tests.proxy.agent.test_file_reference.TestResolveTextFile" name="test_large_file_triggers_partial_read" time="0.007" /><testcase classname="tests.proxy.agent.test_file_reference.TestResolveTextFile" name="test_same_basename_files_do_not_overwrite_each_other" time="0.004" /><testcase classname="tests.proxy.agent.test_file_reference.TestResolveBinaryFile" name="test_exe_extension_is_binary" time="0.003" /><testcase classname="tests.proxy.agent.test_file_reference.TestResolveBinaryFile" name="test_elf_extension_is_binary" time="0.003" /><testcase classname="tests.proxy.agent.test_file_reference.TestResolveBinaryFile" name="test_binary_copied_to_uploads" time="0.003" /><testcase classname="tests.proxy.agent.test_file_reference.TestResolveBinaryFile" name="test_binary_context_has_docker_path" time="0.003" /><testcase classname="tests.proxy.agent.test_file_reference.TestResolveBinaryFile" name="test_binary_context_has_tool_hints" time="0.003" /><testcase classname="tests.proxy.agent.test_file_reference.TestResolveBinaryFile" name="test_null_byte_file_detected_as_binary" time="0.003" /><testcase classname="tests.proxy.agent.test_file_reference.TestResolveBinaryFile" name="test_text_file_with_no_null_bytes_not_binary" time="0.003" /><testcase classname="tests.proxy.agent.test_file_reference.TestResolveBinaryFile" name="test_docker_path_is_path_not_str" time="0.004" /><testcase classname="tests.proxy.agent.test_file_reference.TestResolveBinaryFile" name="test_binary_copy_failure_returns_error" time="0.003" /><testcase classname="tests.proxy.agent.test_file_reference.TestResolveDirectory" name="test_directory_resolved" time="0.007" /><testcase classname="tests.proxy.agent.test_file_reference.TestResolveDirectory" name="test_directory_tree_in_context" time="0.006" /><testcase classname="tests.proxy.agent.test_file_reference.TestResolveDirectory" name="test_directory_file_contents_injected" time="0.006" /><testcase classname="tests.proxy.agent.test_file_reference.TestResolveDirectory" name="test_skip_dirs_excluded" time="0.006" /><testcase classname="tests.proxy.agent.test_file_reference.TestResolveDirectory" name="test_empty_directory" time="0.003" /><testcase classname="tests.proxy.agent.test_file_reference.TestResolveDirectory" name="test_no_double_walk_skipped_count" time="0.006" /><testcase classname="tests.proxy.agent.test_file_reference.TestResolveDirectory" name="test_binary_skipped_in_dir_read" time="0.004" /><testcase classname="tests.proxy.agent.test_file_reference.TestResolveDirectory" name="test_same_dirname_does_not_overwrite_previous_copy" time="0.005" /><testcase classname="tests.proxy.agent.test_file_reference.TestWorkspaceNameForRef" name="test_binary_file_uses_stem" time="0.002" /><testcase classname="tests.proxy.agent.test_file_reference.TestWorkspaceNameForRef" name="test_source_file_uses_stem" time="0.003" /><testcase classname="tests.proxy.agent.test_file_reference.TestWorkspaceNameForRef" name="test_directory_uses_dirname" time="0.002" /><testcase classname="tests.proxy.agent.test_file_reference.TestWorkspaceNameForRef" name="test_nonexistent_file_uses_stem" time="0.002" /><testcase classname="tests.proxy.agent.test_file_reference.TestWorkspaceNameForRef" name="test_file_no_extension_uses_name" time="0.002" /><testcase classname="tests.proxy.agent.test_file_reference.TestWorkspaceNameForRef" name="test_workspace_dir_named_after_binary" time="0.003" /><testcase classname="tests.proxy.agent.test_file_reference.TestWorkspaceNameForRef" name="test_workspace_dir_named_after_project" time="0.006" /><testcase classname="tests.proxy.agent.test_file_reference.TestWorkspaceNameForRef" name="test_workspace_name_sanitizes_dotdot" time="0.003" /><testcase classname="tests.proxy.agent.test_file_reference.TestBuildInjectionMessage" name="test_returns_none_for_empty_list" time="0.002" /><testcase classname="tests.proxy.agent.test_file_reference.TestBuildInjectionMessage" name="test_errors_appear_in_output" time="0.002" /><testcase classname="tests.proxy.agent.test_file_reference.TestBuildInjectionMessage" name="test_valid_context_included" time="0.002" /><testcase classname="tests.proxy.agent.test_file_reference.TestBuildInjectionMessage" name="test_mixed_errors_and_valid" time="0.002" /><testcase classname="tests.proxy.agent.test_file_reference.TestBuildInjectionMessage" name="test_all_errors_no_valid" time="0.002" /><testcase classname="tests.proxy.agent.test_formatters.TestSmartFormatFailure" name="test_command_not_found_shows_tip" time="0.003" /><testcase classname="tests.proxy.agent.test_formatters.TestSmartFormatFailure" name="test_permission_denied_suggests_sudo" time="0.002" /><testcase classname="tests.proxy.agent.test_formatters.TestSmartFormatFailure" name="test_connection_refused_tip" time="0.002" /><testcase classname="tests.proxy.agent.test_formatters.TestSmartFormatFailure" name="test_no_route_to_host_tip" time="0.002" /><testcase classname="tests.proxy.agent.test_formatters.TestSmartFormatFailure" name="test_invalid_flag_without_engine" time="0.002" /><testcase classname="tests.proxy.agent.test_formatters.TestSmartFormatFailure" name="test_invalid_flag_with_engine_calls_help" time="0.004" /><testcase classname="tests.proxy.agent.test_formatters.TestSmartFormatFailure" name="test_generic_error_action_required" time="0.001" /><testcase classname="tests.proxy.agent.test_formatters.TestSmartFormatFailure" name="test_exit_code_present_in_output" time="0.002" /><testcase classname="tests.proxy.agent.test_formatters.TestSmartFormatFailure" name="test_stderr_included_when_different_from_error" time="0.002" /><testcase classname="tests.proxy.agent.test_formatters.TestSmartFormatFailure" name="test_sudo_command_not_suggested_again" time="0.002" /><testcase classname="tests.proxy.agent.test_formatters.TestSmartFormatSuccess" name="test_empty_stdout_returns_warning" time="0.002" /><testcase classname="tests.proxy.agent.test_formatters.TestSmartFormatSuccess" name="test_whitespace_only_stdout_is_empty" time="0.002" /><testcase classname="tests.proxy.agent.test_formatters.TestSmartFormatSuccess" name="test_small_stdout_returned_as_is" time="0.006" /><testcase classname="tests.proxy.agent.test_formatters.TestSmartFormatSuccess" name="test_large_stdout_truncated" time="0.007" /><testcase classname="tests.proxy.agent.test_formatters.TestSmartFormatSuccess" name="test_nmap_stdout_structured_format" time="0.002" /><testcase classname="tests.proxy.agent.test_formatters.TestSmartFormatSuccess" name="test_output_never_exceeds_max_total" time="0.034" /><testcase classname="tests.proxy.agent.test_formatters.TestSmartFormatSuccess" name="test_browser_action_hides_screenshot" time="0.002" /><testcase classname="tests.proxy.agent.test_formatters.TestSmartFormatSuccess" name="test_browser_action_keeps_other_fields" time="0.002" /><testcase classname="tests.proxy.agent.test_formatters.TestSmartFormatSuccess" name="test_result_with_string_result_field" time="0.002" /><testcase classname="tests.proxy.agent.test_formatters.TestBuildRecentHistoryContext" name="test_empty_history_returns_empty" time="0.002" /><testcase classname="tests.proxy.agent.test_formatters.TestBuildRecentHistoryContext" name="test_execute_entry_shows_command" time="0.002" /><testcase classname="tests.proxy.agent.test_formatters.TestBuildRecentHistoryContext" name="test_execute_strips_cd_prefix" time="0.002" /><testcase classname="tests.proxy.agent.test_formatters.TestBuildRecentHistoryContext" name="test_failed_entry_shows_fail" time="0.002" /><testcase classname="tests.proxy.agent.test_formatters.TestBuildRecentHistoryContext" name="test_browser_action_shows_action_and_url" time="0.002" /><testcase classname="tests.proxy.agent.test_formatters.TestBuildRecentHistoryContext" name="test_web_search_shows_query" time="0.002" /><testcase classname="tests.proxy.agent.test_formatters.TestBuildRecentHistoryContext" name="test_last_n_limit" time="0.002" /><testcase classname="tests.proxy.agent.test_formatters.TestBuildRecentHistoryContext" name="test_system_header_present" time="0.002" /><testcase classname="tests.proxy.agent.test_formatters.TestTruncateResult" name="test_failed_result_starts_with_error" time="0.002" /><testcase classname="tests.proxy.agent.test_formatters.TestTruncateResult" name="test_failed_result_uses_stderr_fallback" time="0.002" /><testcase classname="tests.proxy.agent.test_formatters.TestTruncateResult" name="test_failed_no_detail_shows_exit_code" time="0.002" /><testcase classname="tests.proxy.agent.test_formatters.TestTruncateResult" name="test_success_with_stdout" time="0.002" /><testcase classname="tests.proxy.agent.test_formatters.TestTruncateResult" name="test_success_large_stdout_summarised" time="0.002" /><testcase classname="tests.proxy.agent.test_formatters.TestTruncateResult" name="test_success_no_stdout" time="0.002" /><testcase classname="tests.proxy.agent.test_formatters.TestTruncateResult" name="test_truncation_limit_applied" time="0.002" /><testcase classname="tests.proxy.agent.test_formatters.TestTruncateResult" name="test_list_result_shows_preview" time="0.002" /><testcase classname="tests.proxy.agent.test_generative_fuzzing.TestGenerativeFuzzing" name="test_module_imports" time="0.004" /><testcase classname="tests.proxy.agent.test_generative_fuzzing.TestGenerativeFuzzing" name="test_engine_class_exists" time="0.002" /><testcase classname="tests.proxy.agent.test_hermes_patterns.TestRepairToolPairs" name="test_valid_pair_untouched" time="0.002" /><testcase classname="tests.proxy.agent.test_hermes_patterns.TestRepairToolPairs" name="test_orphaned_result_dropped" time="0.002" /><testcase classname="tests.proxy.agent.test_hermes_patterns.TestRepairToolPairs" name="test_missing_result_stub_inserted" time="0.002" /><testcase classname="tests.proxy.agent.test_hermes_patterns.TestRepairToolPairs" name="test_multiple_calls_one_missing" time="0.002" /><testcase classname="tests.proxy.agent.test_hermes_patterns.TestRepairToolPairs" name="test_empty_messages_safe" time="0.002" /><testcase classname="tests.proxy.agent.test_hermes_patterns.TestRepairToolPairs" name="test_no_tool_calls_unchanged" time="0.002" /><testcase classname="tests.proxy.agent.test_hermes_patterns.TestRepairToolPairs" name="test_system_messages_preserved" time="0.002" /><testcase classname="tests.proxy.agent.test_hermes_patterns.TestRepairToolPairs" name="test_non_standard_tool_call_object" time="0.002" /><testcase classname="tests.proxy.agent.test_hermes_patterns.TestAddMessageThinkStrip" name="test_complete_think_block_stripped" time="0.002" /><testcase classname="tests.proxy.agent.test_hermes_patterns.TestAddMessageThinkStrip" name="test_unclosed_think_stripped" time="0.002" /><testcase classname="tests.proxy.agent.test_hermes_patterns.TestAddMessageThinkStrip" name="test_multiple_think_blocks_stripped" time="0.002" /><testcase classname="tests.proxy.agent.test_hermes_patterns.TestAddMessageThinkStrip" name="test_no_think_unchanged" time="0.002" /><testcase classname="tests.proxy.agent.test_hermes_patterns.TestAddMessageThinkStrip" name="test_thinking_element_not_stripped" time="0.002" /><testcase classname="tests.proxy.agent.test_hermes_patterns.TestAddMessageThinkStrip" name="test_non_assistant_role_not_stripped" time="0.002" /><testcase classname="tests.proxy.agent.test_hermes_patterns.TestAddMessageThinkStrip" name="test_empty_content_safe" time="0.002" /><testcase classname="tests.proxy.agent.test_hermes_patterns.TestAddMessageThinkStrip" name="test_only_think_block_results_in_empty" time="0.002" /><testcase classname="tests.proxy.agent.test_hermes_patterns.TestThinkRegex" name="test_block_re_case_insensitive" time="0.002" /><testcase classname="tests.proxy.agent.test_hermes_patterns.TestThinkRegex" name="test_block_re_multiline_content" time="0.002" /><testcase classname="tests.proxy.agent.test_hermes_patterns.TestThinkRegex" name="test_open_re_strips_to_end" time="0.002" /><testcase classname="tests.proxy.agent.test_hermes_patterns.TestThinkRegex" name="test_open_re_not_triggered_by_closed_block" time="0.002" /><testcase classname="tests.proxy.agent.test_hermes_patterns.TestAIReconToolNames" name="test_web_search_in_set" time="0.001" /><testcase classname="tests.proxy.agent.test_hermes_patterns.TestAIReconToolNames" name="test_http_observe_in_set" time="0.002" /><testcase classname="tests.proxy.agent.test_hermes_patterns.TestAIReconToolNames" name="test_execute_not_in_set" time="0.002" /><testcase classname="tests.proxy.agent.test_hermes_patterns.TestAIReconToolNames" name="test_nmap_not_in_set" time="0.002" /><testcase classname="tests.proxy.agent.test_hermes_patterns.TestAIReconToolNames" name="test_set_is_nonempty" time="0.002" /><testcase classname="tests.proxy.agent.test_hermes_patterns.TestAIReconToolNames" name="test_all_entries_are_strings" time="0.002" /><testcase classname="tests.proxy.agent.test_hermes_patterns.TestArgsValidation" name="test_list_args_rejected" time="0.004" /><testcase classname="tests.proxy.agent.test_hermes_patterns.TestArgsValidation" name="test_string_args_rejected" time="0.004" /><testcase classname="tests.proxy.agent.test_hypothesis_engine.TestAddHypothesis" name="test_adds_new_hypothesis" time="0.002" /><testcase classname="tests.proxy.agent.test_hypothesis_engine.TestAddHypothesis" name="test_empty_claim_returns_empty_id" time="0.002" /><testcase classname="tests.proxy.agent.test_hypothesis_engine.TestAddHypothesis" name="test_deduplicates_similar_claims" time="0.002" /><testcase classname="tests.proxy.agent.test_hypothesis_engine.TestAddHypothesis" name="test_different_claims_both_added" time="0.002" /><testcase classname="tests.proxy.agent.test_hypothesis_engine.TestAddHypothesis" name="test_caps_at_max_hypotheses" time="0.006" /><testcase classname="tests.proxy.agent.test_hypothesis_engine.TestUpdateHypothesis" name="test_updates_existing_status" time="0.002" /><testcase classname="tests.proxy.agent.test_hypothesis_engine.TestUpdateHypothesis" name="test_returns_false_for_unknown_id" time="0.002" /><testcase classname="tests.proxy.agent.test_hypothesis_engine.TestUpdateHypothesis" name="test_evidence_truncated_to_200_chars" time="0.002" /><testcase classname="tests.proxy.agent.test_hypothesis_engine.TestGetPendingHypotheses" name="test_returns_only_pending_and_testing" time="0.002" /><testcase classname="tests.proxy.agent.test_hypothesis_engine.TestGetPendingHypotheses" name="test_respects_max_items" time="0.002" /><testcase classname="tests.proxy.agent.test_hypothesis_engine.TestGetPendingHypotheses" name="test_oldest_first_ordering" time="0.002" /><testcase classname="tests.proxy.agent.test_hypothesis_engine.TestResolveHypothesesFromEvidence" name="test_auto_confirms_matching_evidence" time="0.002" /><testcase classname="tests.proxy.agent.test_hypothesis_engine.TestResolveHypothesesFromEvidence" name="test_ignores_low_severity_evidence" time="0.002" /><testcase classname="tests.proxy.agent.test_hypothesis_engine.TestResolveHypothesesFromEvidence" name="test_ignores_low_confidence_evidence" time="0.003" /><testcase classname="tests.proxy.agent.test_hypothesis_engine.TestResolveHypothesesFromEvidence" name="test_does_not_reconfirm_already_confirmed" time="0.002" /><testcase classname="tests.proxy.agent.test_hypothesis_engine.TestBuildHypothesisContext" name="test_returns_empty_when_no_hypotheses" time="0.002" /><testcase classname="tests.proxy.agent.test_hypothesis_engine.TestBuildHypothesisContext" name="test_contains_pending_hypothesis" time="0.002" /><testcase classname="tests.proxy.agent.test_hypothesis_engine.TestBuildHypothesisContext" name="test_contains_confirmed_section" time="0.002" /><testcase classname="tests.proxy.agent.test_hypothesis_engine.TestBuildHypothesisContext" name="test_contains_refuted_section" time="0.002" /><testcase classname="tests.proxy.agent.test_hypothesis_engine.TestBuildHypothesisContext" name="test_contains_instruction" time="0.002" /><testcase classname="tests.proxy.agent.test_hypothesis_integration.TestAutoFormHypotheses" name="test_cve_in_output_creates_hypothesis" time="0.014" /><testcase classname="tests.proxy.agent.test_hypothesis_integration.TestAutoFormHypotheses" name="test_sqli_signal_creates_hypothesis" time="0.005" /><testcase classname="tests.proxy.agent.test_hypothesis_integration.TestAutoFormHypotheses" name="test_xss_signal_creates_hypothesis" time="0.005" /><testcase classname="tests.proxy.agent.test_hypothesis_integration.TestAutoFormHypotheses" name="test_false_signal_not_added" time="0.005" /><testcase classname="tests.proxy.agent.test_hypothesis_integration.TestAutoFormHypotheses" name="test_open_port_in_recon_creates_hypothesis" time="0.005" /><testcase classname="tests.proxy.agent.test_hypothesis_integration.TestAutoFormHypotheses" name="test_open_port_in_exploit_not_added" time="0.005" /><testcase classname="tests.proxy.agent.test_hypothesis_integration.TestAutoFormHypotheses" name="test_max_two_hypotheses_per_call" time="0.005" /><testcase classname="tests.proxy.agent.test_hypothesis_integration.TestAutoFormHypotheses" name="test_dedup_prevents_same_hypothesis_twice" time="0.005" /><testcase classname="tests.proxy.agent.test_hypothesis_integration.TestAutoFormHypotheses" name="test_no_hypotheses_on_empty_result" time="0.004" /><testcase classname="tests.proxy.agent.test_hypothesis_integration.TestAutoFormHypotheses" name="test_endpoint_url_extracted_into_claim" time="0.005" /><testcase classname="tests.proxy.agent.test_hypothesis_integration.TestRecordEvidenceCallsAutoForm" name="test_successful_execution_populates_hypothesis_queue" time="0.011" /><testcase classname="tests.proxy.agent.test_hypothesis_integration.TestRecordEvidenceCallsAutoForm" name="test_failed_execution_does_not_populate_hypotheses" time="0.004" /><testcase classname="tests.proxy.agent.test_hypothesis_integration.TestChainAdvancementUpdatesHypothesis" name="test_chain_completion_confirms_linked_hypothesis" time="0.002" /><testcase classname="tests.proxy.agent.test_hypothesis_integration.TestChainAdvancementUpdatesHypothesis" name="test_chain_advancement_sets_hypothesis_testing" time="0.002" /><testcase classname="tests.proxy.agent.test_hypothesis_integration.TestConfirmedHypothesesFeedChainPlanner" name="test_confirmed_hypothesis_becomes_synthetic_vuln" time="0.002" /><testcase classname="tests.proxy.agent.test_hypothesis_integration.TestConfirmedHypothesesFeedChainPlanner" name="test_plan_chains_accepts_synthetic_vulns" time="0.006" /><testcase classname="tests.proxy.agent.test_hypothesis_integration.TestConfirmedHypothesesFeedChainPlanner" name="test_pending_hypothesis_not_included_as_vuln" time="0.002" /><testcase classname="tests.proxy.agent.test_improvements" name="test_sqlmap_vuln_detected" time="0.005" /><testcase classname="tests.proxy.agent.test_improvements" name="test_sqlmap_clean_returns_zero" time="0.002" /><testcase classname="tests.proxy.agent.test_improvements" name="test_nikto_findings_parsed" time="0.003" /><testcase classname="tests.proxy.agent.test_improvements" name="test_nikto_no_findings_returns_zero" time="0.002" /><testcase classname="tests.proxy.agent.test_improvements" name="test_dalfox_xss_parsed" time="0.003" /><testcase classname="tests.proxy.agent.test_improvements" name="test_dalfox_no_xss" time="0.002" /><testcase classname="tests.proxy.agent.test_improvements" name="test_wpscan_vulns_parsed" time="0.004" /><testcase classname="tests.proxy.agent.test_improvements" name="test_mark_and_get_untested" time="0.002" /><testcase classname="tests.proxy.agent.test_improvements" name="test_mark_tested_no_duplicate" time="0.002" /><testcase classname="tests.proxy.agent.test_improvements" name="test_injection_point_key_format" time="0.002" /><testcase classname="tests.proxy.agent.test_improvements" name="test_injection_point_key_normalizes_trailing_slash" time="0.002" /><testcase classname="tests.proxy.agent.test_improvements" name="test_injection_point_key_normalizes_case" time="0.002" /><testcase classname="tests.proxy.agent.test_improvements" name="test_session_context_shows_untested" time="0.002" /><testcase classname="tests.proxy.agent.test_improvements" name="test_session_context_all_tested" time="0.002" /><testcase classname="tests.proxy.agent.test_improvements" name="test_tech_skill_loads_wordpress" time="0.141" /><testcase classname="tests.proxy.agent.test_improvements" name="test_tech_skill_loads_nginx" time="0.139" /><testcase classname="tests.proxy.agent.test_improvements" name="test_tech_skill_dedup_already_loaded" time="0.196" /><testcase classname="tests.proxy.agent.test_improvements" name="test_tech_skill_empty_technologies" time="0.001" /><testcase classname="tests.proxy.agent.test_improvements" name="test_corr_fingerprint_port" time="0.001" /><testcase classname="tests.proxy.agent.test_improvements" name="test_corr_fingerprint_tech" time="0.001" /><testcase classname="tests.proxy.agent.test_improvements" name="test_correlation_dedup_removes_already_suggested" time="0.026" /><testcase classname="tests.proxy.agent.test_improvements" name="test_correlation_suggested_correlations_persisted" time="0.005" /><testcase classname="tests.proxy.agent.test_improvements" name="test_load_redirect_path_indicators_returns_nonempty" time="0.002" /><testcase classname="tests.proxy.agent.test_improvements" name="test_extract_injection_points_ssrf_reclassified_to_open_redirect" time="0.001" /><testcase classname="tests.proxy.agent.test_improvements" name="test_extract_injection_points_ssrf_stays_ssrf_on_non_redirect_path" time="0.001" /><testcase classname="tests.proxy.agent.test_improvements" name="test_extract_injection_points_uri_reclassified_on_forward_path" time="0.002" /><testcase classname="tests.proxy.agent.test_improvements" name="test_extract_injection_points_ssrf_unaffected_when_no_path_indicator" time="0.002" /><testcase classname="tests.proxy.agent.test_improvements" name="test_extract_injection_points_multiple_params_reclassified_selectively" time="0.002" /><testcase classname="tests.proxy.agent.test_injection_extraction.TestGuessInjectionType" name="test_canonical_map_id" time="0.002" /><testcase classname="tests.proxy.agent.test_injection_extraction.TestGuessInjectionType" name="test_suffix_id" time="0.002" /><testcase classname="tests.proxy.agent.test_injection_extraction.TestGuessInjectionType" name="test_suffix_id_end" time="0.002" /><testcase classname="tests.proxy.agent.test_injection_extraction.TestGuessInjectionType" name="test_numeric_value_fallback" time="0.002" /><testcase classname="tests.proxy.agent.test_injection_extraction.TestGuessInjectionType" name="test_large_numeric_value_not_matched" time="0.001" /><testcase classname="tests.proxy.agent.test_injection_extraction.TestGuessInjectionType" name="test_camelcase_normalisation" time="0.002" /><testcase classname="tests.proxy.agent.test_injection_extraction.TestGuessInjectionType" name="test_default_inject" time="0.001" /><testcase classname="tests.proxy.agent.test_injection_extraction.TestExtractInjectionPoints" name="test_query_params_extracted" time="0.002" /><testcase classname="tests.proxy.agent.test_injection_extraction.TestExtractInjectionPoints" name="test_query_param_method_is_get" time="0.002" /><testcase classname="tests.proxy.agent.test_injection_extraction.TestExtractInjectionPoints" name="test_query_param_value_sample_truncated" time="0.002" /><testcase classname="tests.proxy.agent.test_injection_extraction.TestExtractInjectionPoints" name="test_numeric_path_segment_detected" time="0.003" /><testcase classname="tests.proxy.agent.test_injection_extraction.TestExtractInjectionPoints" name="test_uuid_path_segment_detected" time="0.003" /><testcase classname="tests.proxy.agent.test_injection_extraction.TestExtractInjectionPoints" name="test_path_segment_type_hint_is_idor" time="0.002" /><testcase classname="tests.proxy.agent.test_injection_extraction.TestExtractInjectionPoints" name="test_path_segment_label_includes_parent" time="0.002" /><testcase classname="tests.proxy.agent.test_injection_extraction.TestExtractInjectionPoints" name="test_full_url_preserved_in_path_point" time="0.002" /><testcase classname="tests.proxy.agent.test_injection_extraction.TestExtractInjectionPoints" name="test_no_points_for_static_url" time="0.002" /><testcase classname="tests.proxy.agent.test_injection_extraction.TestExtractInjectionPoints" name="test_malformed_url_returns_empty" time="0.001" /><testcase classname="tests.proxy.agent.test_injection_extraction.TestExtractInjectionPoints" name="test_empty_string_returns_empty" time="0.002" /><testcase classname="tests.proxy.agent.test_injection_extraction.TestExtractInjectionPoints" name="test_blank_query_value_included" time="0.002" /><testcase classname="tests.proxy.agent.test_injection_extraction.TestExtractInjectionPoints" name="test_non_numeric_path_ignored" time="0.001" /><testcase classname="tests.proxy.agent.test_injection_extraction.TestExtractInjectionPoints" name="test_url_without_query_or_ids_empty" time="0.002" /><testcase classname="tests.proxy.agent.test_injection_extraction.TestMergeInjectionPoints" name="test_adds_new_points" time="0.001" /><testcase classname="tests.proxy.agent.test_injection_extraction.TestMergeInjectionPoints" name="test_deduplicates_exact" time="0.002" /><testcase classname="tests.proxy.agent.test_injection_extraction.TestMergeInjectionPoints" name="test_different_param_not_deduped" time="0.006" /><testcase classname="tests.proxy.agent.test_injection_extraction.TestMergeInjectionPoints" name="test_different_method_not_deduped" time="0.002" /><testcase classname="tests.proxy.agent.test_injection_extraction.TestMergeInjectionPoints" name="test_different_url_not_deduped" time="0.005" /><testcase classname="tests.proxy.agent.test_injection_extraction.TestMergeInjectionPoints" name="test_mutates_in_place" time="0.002" /><testcase classname="tests.proxy.agent.test_injection_extraction.TestMergeInjectionPoints" name="test_empty_new_no_change" time="0.002" /><testcase classname="tests.proxy.agent.test_injection_extraction.TestMergeInjectionPoints" name="test_multiple_new_batch_deduped" time="0.002" /><testcase classname="tests.proxy.agent.test_injection_extraction.TestLoadHints" name="test_port_hints_returns_dict_of_int" time="0.003" /><testcase classname="tests.proxy.agent.test_injection_extraction.TestLoadHints" name="test_port_hints_values_are_strings" time="0.006" /><testcase classname="tests.proxy.agent.test_injection_extraction.TestLoadHints" name="test_tech_hints_returns_dict_of_str" time="0.002" /><testcase classname="tests.proxy.agent.test_injection_extraction.TestLoadHints" name="test_tech_hints_keys_are_lowercase" time="0.004" /><testcase classname="tests.proxy.agent.test_injection_extraction.TestLoadHints" name="test_tech_hints_values_are_strings" time="0.008" /><testcase classname="tests.proxy.agent.test_injection_extraction.TestLoadHints" name="test_common_ports_present" time="0.002" /><testcase classname="tests.proxy.agent.test_injection_extraction.TestNormalizeUrl" name="test_scheme_lowercased" time="0.002" /><testcase classname="tests.proxy.agent.test_injection_extraction.TestNormalizeUrl" name="test_host_lowercased" time="0.002" /><testcase classname="tests.proxy.agent.test_injection_extraction.TestNormalizeUrl" name="test_trailing_slash_stripped" time="0.002" /><testcase classname="tests.proxy.agent.test_injection_extraction.TestNormalizeUrl" name="test_root_path_preserved" time="0.002" /><testcase classname="tests.proxy.agent.test_injection_extraction.TestNormalizeUrl" name="test_fragment_stripped" time="0.001" /><testcase classname="tests.proxy.agent.test_injection_extraction.TestNormalizeUrl" name="test_query_params_sorted" time="0.001" /><testcase classname="tests.proxy.agent.test_injection_extraction.TestNormalizeUrl" name="test_identical_urls_normalize_equally" time="0.001" /><testcase classname="tests.proxy.agent.test_injection_extraction.TestNormalizeUrl" name="test_malformed_url_returned_unchanged" time="0.002" /><testcase classname="tests.proxy.agent.test_injection_extraction.TestNormalizeUrl" name="test_query_string_blank_values_preserved" time="0.002" /><testcase classname="tests.proxy.agent.test_injection_extraction.TestExtractInjectionPointUrlNormalization" name="test_uppercase_host_normalized_in_injection_point" time="0.003" /><testcase classname="tests.proxy.agent.test_injection_extraction.TestExtractInjectionPointUrlNormalization" name="test_trailing_slash_stripped_in_injection_point" time="0.002" /><testcase classname="tests.proxy.agent.test_injection_extraction.TestExtractInjectionPointUrlNormalization" name="test_trailing_slash_and_no_trailing_slash_dedup_correctly" time="0.002" /><testcase classname="tests.proxy.agent.test_injection_extraction.TestExtractInjectionPointUrlNormalization" name="test_uppercase_host_dedup_in_merge" time="0.003" /><testcase classname="tests.proxy.agent.test_injection_extraction.TestExtractInjectionPointUrlNormalization" name="test_fragment_url_dedup_in_merge" time="0.002" /><testcase classname="tests.proxy.agent.test_loop" name="test_agent_initialization" time="0.026" /><testcase classname="tests.proxy.agent.test_loop" name="test_agent_duplicate_command" time="0.008" /><testcase classname="tests.proxy.agent.test_loop" name="test_agent_state_reset" time="0.011" /><testcase classname="tests.proxy.agent.test_loop.TestSubdomainWorkspacePreservation" name="test_fresh_target_when_no_current" time="0.001" /><testcase classname="tests.proxy.agent.test_loop.TestSubdomainWorkspacePreservation" name="test_different_domain_switches" time="0.001" /><testcase classname="tests.proxy.agent.test_loop.TestSubdomainWorkspacePreservation" name="test_parent_to_different_tld_switches" time="0.002" /><testcase classname="tests.proxy.agent.test_loop.TestSubdomainWorkspacePreservation" name="test_same_target_does_not_switch" time="0.002" /><testcase classname="tests.proxy.agent.test_loop.TestSubdomainWorkspacePreservation" name="test_subdomain_does_not_switch" time="0.002" /><testcase classname="tests.proxy.agent.test_loop.TestSubdomainWorkspacePreservation" name="test_deep_subdomain_does_not_switch" time="0.002" /><testcase classname="tests.proxy.agent.test_loop.TestSubdomainWorkspacePreservation" name="test_single_label_subdomain_does_not_switch" time="0.004" /><testcase classname="tests.proxy.agent.test_loop.TestSubdomainWorkspacePreservation" name="test_partial_suffix_match_is_not_subdomain" time="0.002" /><testcase classname="tests.proxy.agent.test_loop.TestSubdomainWorkspacePreservation" name="test_ip_as_extracted_is_different_domain" time="0.005" /><testcase classname="tests.proxy.agent.test_loop.TestSimpleTargetKickoffDetection" name="test_plain_target_only_is_simple" time="0.008" /><testcase classname="tests.proxy.agent.test_loop.TestSimpleTargetKickoffDetection" name="test_target_with_url_punctuation_is_simple" time="0.006" /><testcase classname="tests.proxy.agent.test_loop.TestSimpleTargetKickoffDetection" name="test_scoped_request_is_not_simple" time="0.008" /><testcase classname="tests.proxy.agent.test_loop" name="test_standard_mode_scoped_request_enables_scope_lock" time="0.172" /><testcase classname="tests.proxy.agent.test_loop" name="test_wildcard_scope_moves_workspace_to_root_target" time="0.112" /><testcase classname="tests.proxy.agent.test_loop" name="test_prepare_message_context_does_not_emergency_truncate_on_high_cumulative_only" time="0.107" /><testcase classname="tests.proxy.agent.test_loop" name="test_scope_lock_disables_aggressive_exploration_directive" time="0.004" /><testcase classname="tests.proxy.agent.test_loop" name="test_skill_phase_for_message_start_uses_current_phase" time="0.004" /><testcase classname="tests.proxy.agent.test_loop" name="test_skill_phase_for_message_start_fallback_recon" time="0.004" /><testcase classname="tests.proxy.agent.test_loop.TestExtractShellCommandCandidate" name="test_single_curl_extracted" time="0.004" /><testcase classname="tests.proxy.agent.test_loop.TestExtractShellCommandCandidate" name="test_multiline_script_extracted_fully" time="0.004" /><testcase classname="tests.proxy.agent.test_loop.TestExtractShellCommandCandidate" name="test_echo_prefix_triggers_extraction" time="0.007" /><testcase classname="tests.proxy.agent.test_loop.TestExtractShellCommandCandidate" name="test_comment_lines_skipped" time="0.004" /><testcase classname="tests.proxy.agent.test_loop.TestExtractShellCommandCandidate" name="test_non_command_block_returns_none" time="0.004" /><testcase classname="tests.proxy.agent.test_loop.TestExtractShellCommandCandidate" name="test_no_bash_block_returns_none" time="0.003" /><testcase classname="tests.proxy.agent.test_loop.TestReportObjectiveTracking" name="test_create_vulnerability_report_tool_marks_objectives" time="0.004" /><testcase classname="tests.proxy.agent.test_loop.TestReportObjectiveTracking" name="test_report_content_in_result_marks_objectives" time="0.003" /><testcase classname="tests.proxy.agent.test_loop.TestReportObjectiveTracking" name="test_cvss_in_result_marks_objectives" time="0.004" /><testcase classname="tests.proxy.agent.test_loop.TestReportObjectiveTracking" name="test_report_output_file_name_marks_objectives" time="0.003" /><testcase classname="tests.proxy.agent.test_loop.TestReportObjectiveTracking" name="test_generic_output_without_report_content_does_not_mark" time="0.003" /><testcase classname="tests.proxy.agent.test_loop.TestReportObjectiveTracking" name="test_output_in_output_dir_marks_obj2" time="0.003" /><testcase classname="tests.proxy.agent.test_loop.TestReportObjectiveTracking" name="test_failed_tool_call_marks_nothing" time="0.003" /><testcase classname="tests.proxy.agent.test_loop" name="test_sync_token_usage_from_session_keeps_cumulative_resets_used" time="0.004" /><testcase classname="tests.proxy.agent.test_loop" name="test_recompute_used_tokens_from_conversation_updates_live_counter" time="0.004" /><testcase classname="tests.proxy.agent.test_loop" name="test_recompute_used_tokens_from_conversation_ignores_non_dict_messages" time="0.004" /><testcase classname="tests.proxy.agent.test_loop.TestHasScanWork" name="test_no_session_returns_false" time="0.004" /><testcase classname="tests.proxy.agent.test_loop.TestHasScanWork" name="test_empty_session_returns_false" time="0.004" /><testcase classname="tests.proxy.agent.test_loop.TestHasScanWork" name="test_scan_count_gt0_returns_true" time="0.004" /><testcase classname="tests.proxy.agent.test_loop.TestHasScanWork" name="test_evidence_log_returns_true" time="0.004" /><testcase classname="tests.proxy.agent.test_loop.TestHasScanWork" name="test_both_scan_count_and_evidence_returns_true" time="0.004" /><testcase classname="tests.proxy.agent.test_loop.TestReflectorAgentPattern" name="test_reflector_attempt1_contains_issue_tag" time="0.003" /><testcase classname="tests.proxy.agent.test_loop.TestReflectorAgentPattern" name="test_reflector_attempt2_stronger_warning" time="0.004" /><testcase classname="tests.proxy.agent.test_loop.TestReflectorAgentPattern" name="test_reflector_infers_known_tool_from_registry" time="0.003" /><testcase classname="tests.proxy.agent.test_loop.TestReflectorAgentPattern" name="test_reflector_fallback_when_no_match" time="0.003" /><testcase classname="tests.proxy.agent.test_loop.TestReflectorAgentPattern" name="test_reflector_fallback_when_no_registry" time="0.003" /><testcase classname="tests.proxy.agent.test_loop.TestReflectorAgentPattern" name="test_reflector_has_escalation_warning" time="0.003" /><testcase classname="tests.proxy.agent.test_loop.TestReflectorAgentPattern" name="test_reflector_phase_in_tag" time="0.004" /><testcase classname="tests.proxy.agent.test_loop.TestReflectorAgentPattern" name="test_reflector_uses_no_tool_iterations_as_attempt" time="0.003" /><testcase classname="tests.proxy.agent.test_loop.TestObjectivePatching" name="test_add_new_objective" time="0.001" /><testcase classname="tests.proxy.agent.test_loop.TestObjectivePatching" name="test_add_duplicate_skipped" time="0.001" /><testcase classname="tests.proxy.agent.test_loop.TestObjectivePatching" name="test_remove_pending_objective" time="0.002" /><testcase classname="tests.proxy.agent.test_loop.TestObjectivePatching" name="test_remove_done_objective_skipped" time="0.002" /><testcase classname="tests.proxy.agent.test_loop.TestObjectivePatching" name="test_modify_renames_title" time="0.002" /><testcase classname="tests.proxy.agent.test_loop.TestObjectivePatching" name="test_done_marks_objective_complete" time="0.001" /><testcase classname="tests.proxy.agent.test_loop.TestObjectivePatching" name="test_reorder_moves_objective" time="0.001" /><testcase classname="tests.proxy.agent.test_loop.TestObjectivePatching" name="test_multiple_ops_in_one_call" time="0.001" /><testcase classname="tests.proxy.agent.test_loop.TestObjectivePatching" name="test_empty_ops_returns_zero" time="0.002" /><testcase classname="tests.proxy.agent.test_loop.TestXMLFocusContext" name="test_output_starts_with_objective_focus_xml" time="0.001" /><testcase classname="tests.proxy.agent.test_loop.TestXMLFocusContext" name="test_output_ends_with_closing_tag" time="0.001" /><testcase classname="tests.proxy.agent.test_loop.TestXMLFocusContext" name="test_phase_attribute_in_tag" time="0.001" /><testcase classname="tests.proxy.agent.test_loop.TestXMLFocusContext" name="test_pending_objectives_section" time="0.001" /><testcase classname="tests.proxy.agent.test_loop.TestXMLFocusContext" name="test_recent_evidence_section" time="0.001" /><testcase classname="tests.proxy.agent.test_loop.TestXMLFocusContext" name="test_action_required_section" time="0.001" /><testcase classname="tests.proxy.agent.test_loop.TestXMLFocusContext" name="test_empty_state_returns_empty_string" time="0.001" /><testcase classname="tests.proxy.agent.test_loop.TestMentorSupervision" name="test_mentor_output_is_xml" time="0.004" /><testcase classname="tests.proxy.agent.test_loop.TestMentorSupervision" name="test_mentor_has_progress_assessment" time="0.003" /><testcase classname="tests.proxy.agent.test_loop.TestMentorSupervision" name="test_mentor_has_next_steps" time="0.003" /><testcase classname="tests.proxy.agent.test_loop.TestMentorSupervision" name="test_mentor_no_evidence_shows_issue" time="0.003" /><testcase classname="tests.proxy.agent.test_loop.TestMentorSupervision" name="test_mentor_tool_call_count_starts_zero" time="0.003" /><testcase classname="tests.proxy.agent.test_loop_context.TestLoopContext" name="test_module_imports" time="0.001" /><testcase classname="tests.proxy.agent.test_loop_cycle_llm.TestCycleLlmMixin" name="test_init" time="0.001" /><testcase classname="tests.proxy.agent.test_loop_cycle_post.TestFinalizeToolResults" name="test_finalize_yields_tool_end_event" time="0.024" /><testcase classname="tests.proxy.agent.test_loop_cycle_post.TestFinalizeToolResults" name="test_finalize_handles_validation_error" time="0.009" /><testcase classname="tests.proxy.agent.test_loop_cycle_post.TestFinalizeToolResults" name="test_finalize_increments_consecutive_failures_on_error" time="0.008" /><testcase classname="tests.proxy.agent.test_loop_cycle_post.TestFinalizeToolResults" name="test_finalize_resets_consecutive_failures_on_success" time="0.008" /><testcase classname="tests.proxy.agent.test_loop_cycle_post.TestFinalizeToolResults" name="test_finalize_yields_done_on_task_complete" time="0.009" /><testcase classname="tests.proxy.agent.test_loop_cycle_post.TestFinalizeToolResults" name="test_finalize_includes_caido_status" time="0.008" /><testcase classname="tests.proxy.agent.test_loop_cycle_prelude" name="test_chain_step_to_text_handles_string" time="0.001" /><testcase classname="tests.proxy.agent.test_loop_cycle_prelude" name="test_chain_step_to_text_handles_dict_fields_priority" time="0.001" /><testcase classname="tests.proxy.agent.test_loop_cycle_prelude" name="test_chain_step_to_text_handles_other_types" time="0.001" /><testcase classname="tests.proxy.agent.test_loop_exploration.TestExplorationMixin" name="test_module_imports" time="0.001" /><testcase classname="tests.proxy.agent.test_loop_extended.TestVRAMCrashPatterns" name="test_vram_crash_pattern_detected[invalid character '&lt;' looking for beginning of value]" time="0.001" /><testcase classname="tests.proxy.agent.test_loop_extended.TestVRAMCrashPatterns" name="test_vram_crash_pattern_detected[failed to parse JSON response from Ollama]" time="0.001" /><testcase classname="tests.proxy.agent.test_loop_extended.TestVRAMCrashPatterns" name="test_vram_crash_pattern_detected[HTML error page returned by Ollama]" time="0.001" /><testcase classname="tests.proxy.agent.test_loop_extended.TestVRAMCrashPatterns" name="test_vram_crash_pattern_detected[unexpected end of json input]" time="0.001" /><testcase classname="tests.proxy.agent.test_loop_extended.TestVRAMCrashPatterns" name="test_vram_crash_pattern_detected[&lt;!doctype html&gt;]" time="0.001" /><testcase classname="tests.proxy.agent.test_loop_extended.TestVRAMCrashPatterns" name="test_vram_crash_pattern_detected[&lt;html&gt;&lt;body&gt;Error&lt;/body&gt;&lt;/html&gt;]" time="0.001" /><testcase classname="tests.proxy.agent.test_loop_extended.TestVRAMCrashPatterns" name="test_vram_crash_pattern_detected[CUDA out of memory. Tried to allocate 2.00 GiB]" time="0.001" /><testcase classname="tests.proxy.agent.test_loop_extended.TestVRAMCrashPatterns" name="test_vram_crash_pattern_detected[out of memory]" time="0.001" /><testcase classname="tests.proxy.agent.test_loop_extended.TestVRAMCrashPatterns" name="test_vram_crash_pattern_detected[llm runner process no longer alive]" time="0.001" /><testcase classname="tests.proxy.agent.test_loop_extended.TestVRAMCrashPatterns" name="test_vram_crash_pattern_detected[signal: killed]" time="0.001" /><testcase classname="tests.proxy.agent.test_loop_extended.TestVRAMCrashPatterns" name="test_non_crash_not_flagged[connection refused]" time="0.001" /><testcase classname="tests.proxy.agent.test_loop_extended.TestVRAMCrashPatterns" name="test_non_crash_not_flagged[model not found: llama3]" time="0.001" /><testcase classname="tests.proxy.agent.test_loop_extended.TestVRAMCrashPatterns" name="test_non_crash_not_flagged[request timed out]" time="0.001" /><testcase classname="tests.proxy.agent.test_loop_extended.TestVRAMCrashPatterns" name="test_non_crash_not_flagged[context length exceeded]" time="0.001" /><testcase classname="tests.proxy.agent.test_loop_extended.TestDuplicateCommandDetection" name="test_same_execute_command_is_duplicate" time="0.004" /><testcase classname="tests.proxy.agent.test_loop_extended.TestDuplicateCommandDetection" name="test_different_commands_not_duplicate" time="0.003" /><testcase classname="tests.proxy.agent.test_loop_extended.TestDuplicateCommandDetection" name="test_create_file_always_allowed" time="0.003" /><testcase classname="tests.proxy.agent.test_loop_extended.TestDuplicateCommandDetection" name="test_create_vulnerability_report_exempt" time="0.004" /><testcase classname="tests.proxy.agent.test_loop_extended.TestDuplicateCommandDetection" name="test_browser_click_is_exempt" time="0.003" /><testcase classname="tests.proxy.agent.test_loop_extended.TestDuplicateCommandDetection" name="test_browser_goto_can_be_deduped" time="0.004" /><testcase classname="tests.proxy.agent.test_loop_extended.TestDuplicateCommandDetection" name="test_browser_url_exact_deduplication" time="0.007" /><testcase classname="tests.proxy.agent.test_loop_extended.TestDuplicateCommandDetection" name="test_browser_different_urls_not_deduped" time="0.003" /><testcase classname="tests.proxy.agent.test_loop_extended.TestDuplicateCommandDetection" name="test_browser_click_exempt_from_dedup" time="0.003" /><testcase classname="tests.proxy.agent.test_loop_extended.TestAgentLoopInitialisation" name="test_initialize_creates_session" time="0.017" /><testcase classname="tests.proxy.agent.test_loop_extended.TestAgentLoopInitialisation" name="test_initialize_sets_pipeline" time="0.019" /><testcase classname="tests.proxy.agent.test_loop_extended.TestAgentLoopInitialisation" name="test_initialize_adds_system_prompt_to_conversation" time="0.019" /><testcase classname="tests.proxy.agent.test_loop_extended.TestAgentLoopInitialisation" name="test_initialize_registers_tools_in_conversation" time="0.019" /><testcase classname="tests.proxy.agent.test_loop_extended.TestAgentLoopInitialisation" name="test_initialize_restores_recovery_state_from_session" time="0.018" /><testcase classname="tests.proxy.agent.test_loop_extended.TestAgentLoopReset" name="test_reset_clears_iteration_count" time="0.004" /><testcase classname="tests.proxy.agent.test_loop_extended.TestAgentLoopReset" name="test_reset_clears_executed_tool_counts" time="0.006" /><testcase classname="tests.proxy.agent.test_loop_extended.TestAgentLoopReset" name="test_reset_clears_conversation" time="0.004" /><testcase classname="tests.proxy.agent.test_loop_extended.TestAgentLoopStopSubagent" name="test_stop_subagent_does_not_force_stop_shared_engine" time="0.004" /><testcase classname="tests.proxy.agent.test_loop_extended.TestAgentLoopStopSubagent" name="test_stop_main_agent_force_stops_engine" time="0.005" /><testcase classname="tests.proxy.agent.test_loop_extended.TestLoopStreamingWithMockedOllama" name="test_plain_text_response_yields_text_events" time="0.235" /><testcase classname="tests.proxy.agent.test_loop_extended.TestLoopStreamingWithMockedOllama" name="test_error_event_on_connection_refused" time="0.145" /><testcase classname="tests.proxy.agent.test_loop_extended.TestLoopStreamingWithMockedOllama" name="test_retry_partial_success_then_fail" time="0.243" /><testcase classname="tests.proxy.agent.test_loop_extended.TestLoopStreamingWithMockedOllama" name="test_retry_all_attempts_exhausted_emits_error" time="0.127" /><testcase classname="tests.proxy.agent.test_loop_extended.TestLoopStreamingWithMockedOllama" name="test_recovery_does_not_stop_on_text_only_hallucination" time="0.278" /><testcase classname="tests.proxy.agent.test_loop_extended.TestLoopStreamingWithMockedOllama" name="test_rewrite_shell_binary_tool_call_prefixes_command" time="0.003" /><testcase classname="tests.proxy.agent.test_loop_extended.TestLoopStreamingWithMockedOllama" name="test_ffuf_tool_call_rewritten_to_execute_no_unknown_tool_stop" time="1.702" /><testcase classname="tests.proxy.agent.test_loop_extended.TestLoopStreamingWithMockedOllama" name="test_watchdog_injects_nudge_then_aborts_after_text_only_retries" time="0.208" /><testcase classname="tests.proxy.agent.test_loop_extended.TestAdvancedStateOrchestration" name="test_sync_phase_objectives_injects_defaults" time="0.003" /><testcase classname="tests.proxy.agent.test_loop_extended.TestAdvancedStateOrchestration" name="test_record_evidence_extracts_key_signals" time="0.013" /><testcase classname="tests.proxy.agent.test_loop_extended.TestAdvancedStateOrchestration" name="test_phase_gate_warns_on_early_exploit_without_evidence" time="0.003" /><testcase classname="tests.proxy.agent.test_loop_extended.TestAdvancedStateOrchestration" name="test_exploration_directive_triggers_on_stagnation" time="0.025" /><testcase classname="tests.proxy.agent.test_loop_extended.TestAdvancedStateOrchestration" name="test_iteration_tem
[...]
lesystemEdgeCases" name="test_read_nonexistent_file" time="0.003" /><testcase classname="tests.test_chaos.TestFilesystemEdgeCases" name="test_create_file_in_nonexistent_dir" time="0.003" /><testcase classname="tests.test_chaos.TestFilesystemEdgeCases" name="test_read_file_with_large_offset" time="0.003" /><testcase classname="tests.test_chaos.TestMemoryDbEdgeCases" name="test_health_snapshot_without_target" time="0.001" /><testcase classname="tests.test_chaos.TestMemoryDbEdgeCases" name="test_memory_manager_double_close" time="0.006" /><testcase classname="tests.test_chaos.TestAgentStateEdgeCases" name="test_truncate_conversation_empty" time="0.001" /><testcase classname="tests.test_chaos.TestAgentStateEdgeCases" name="test_token_usage_with_negative_values" time="0.001" /><testcase classname="tests.test_chaos.TestAgentStateEdgeCases" name="test_evidence_log_with_malformed_entries" time="0.002" /><testcase classname="tests.test_e2e.TestE2EAgentLoopWithMockedOllama" name="test_agent_loop_runs_and_completes" time="0.005" /><testcase classname="tests.test_e2e.TestE2EAgentLoopWithMockedOllama" name="test_pipeline_phase_transitions" time="0.003" /><testcase classname="tests.test_e2e.TestE2EConfigHotReload" name="test_config_detects_mtime_change" time="0.056" /><testcase classname="tests.test_e2e.TestE2EConfigHotReload" name="test_config_survives_concurrent_reads" time="0.031" /><testcase classname="tests.test_e2e.TestE2EFilesystemOperations" name="test_full_file_lifecycle" time="0.004" /><testcase classname="tests.test_e2e.TestE2EFilesystemOperations" name="test_file_pagination" time="0.003" /><testcase classname="tests.test_e2e.TestE2EMemoryPersistence" name="test_memory_survives_process_restart_simulation" time="0.006" /><testcase classname="tests.test_integration.TestConfigHotReloadIntegration" name="test_config_reloads_on_file_change" time="0.105" /><testcase classname="tests.test_integration.TestConfigHotReloadIntegration" name="test_config_handles_corrupt_yaml" time="0.003" /><testcase classname="tests.test_integration.TestConfigHotReloadIntegration" name="test_config_handles_empty_file" time="0.003" /><testcase classname="tests.test_integration.TestSessionPersistenceIntegration" name="test_session_save_load_roundtrip" time="0.003" /><testcase classname="tests.test_integration.TestSessionPersistenceIntegration" name="test_session_lists_all_sessions" time="0.005" /><testcase classname="tests.test_integration.TestFilesystemIntegration" name="test_create_and_read_file_roundtrip" time="0.003" /><testcase classname="tests.test_integration.TestFilesystemIntegration" name="test_create_file_writes_to_disk" time="0.003" /><testcase classname="tests.test_integration.TestFilesystemIntegration" name="test_path_traversal_blocked" time="0.003" /><testcase classname="tests.test_integration.TestCorrelationIntegration" name="test_run_correlation_returns_list" time="0.021" /><testcase classname="tests.test_integration.TestMemoryPersistenceIntegration" name="test_memory_db_persists_across_connections" time="0.006" /><testcase classname="tests.test_load.TestServerConcurrency" name="test_concurrent_status_requests" time="0.267" /><testcase classname="tests.test_load.TestServerConcurrency" name="test_concurrent_health_requests" time="0.023" /><testcase classname="tests.test_load.TestServerConcurrency" name="test_concurrent_chat_rejects_when_busy" time="0.014" /><testcase classname="tests.test_load.TestServerConcurrency" name="test_rapid_file_operations" time="0.012" /><testcase classname="tests.test_load.TestServerConcurrency" name="test_concurrent_session_operations" time="0.014" /><testcase classname="tests.test_load.TestServerConcurrency" name="test_concurrent_config_reads" time="0.025" /><testcase classname="tests.test_logger.TestSetupLogging" name="test_creates_log_directory" time="0.004" /><testcase classname="tests.test_logger.TestSetupLogging" name="test_creates_all_four_log_files" time="0.003" /><testcase classname="tests.test_logger.TestSetupLogging" name="test_airecon_logger_at_requested_level" time="0.003" /><testcase classname="tests.test_logger.TestSetupLogging" name="test_suppresses_noisy_third_party_loggers" time="0.003" /><testcase classname="tests.test_logger.TestSetupLogging" name="test_idempotent_no_duplicate_file_handlers" time="0.005" /><testcase classname="tests.test_logger.TestLogRouting" name="test_debug_log_captures_airecon_messages" time="0.004" /><testcase classname="tests.test_logger.TestLogRouting" name="test_error_log_captures_error_level" time="0.004" /><testcase classname="tests.test_logger.TestLogRouting" name="test_error_log_does_not_capture_debug" time="0.003" /><testcase classname="tests.test_logger.TestLogRouting" name="test_debug_log_does_not_capture_third_party_debug" time="0.003" /><testcase classname="tests.test_logger.TestLogRouting" name="test_ai_reasoning_log_captures_agent_messages" time="0.003" /><testcase classname="tests.test_logger.TestLogRouting" name="test_ai_reasoning_log_captures_agent_child" time="0.003" /><testcase classname="tests.test_logger.TestLogRouting" name="test_ai_reasoning_log_captures_proxy_agent_path" time="0.003" /><testcase classname="tests.test_logger.TestLogRouting" name="test_ai_reasoning_log_also_propagates_to_debug_log" time="0.003" /><testcase classname="tests.test_logger.TestLogRouting" name="test_http_proxy_log_captures_server_messages" time="0.003" /><testcase classname="tests.test_logger.TestLogRouting" name="test_http_proxy_log_also_propagates_to_debug_log" time="0.008" /><testcase classname="tests.test_logger.TestLogRouting" name="test_uvicorn_access_goes_to_http_proxy_log" time="0.003" /><testcase classname="tests.test_logger.TestLogRouting" name="test_uvicorn_access_does_not_propagate_to_error_log" time="0.004" /><testcase classname="tests.test_logger.TestStreamHandler" name="test_stream_handler_added_when_not_tui" time="0.004" /><testcase classname="tests.test_logger.TestStreamHandler" name="test_stream_handler_absent_in_tui_mode" time="0.003" /><testcase classname="tests.test_logger.TestLogFormat" name="test_debug_log_includes_timestamp" time="0.004" /><testcase classname="tests.test_logger.TestLogFormat" name="test_debug_log_includes_level_name" time="0.004" /><testcase classname="tests.test_logger.TestLogFormat" name="test_debug_log_includes_logger_name" time="0.004" /><testcase classname="tests.test_logger.TestLogFormat" name="test_error_log_includes_filename_and_lineno" time="0.004" /><testcase classname="tests.test_main.TestMainCLI" name="test_version_flag" time="0.005" /><testcase classname="tests.test_main.TestMainCLI" name="test_list_command" time="0.005" /><testcase classname="tests.test_main.TestMainCLI" name="test_proxy_command" time="0.006" /><testcase classname="tests.test_main.TestMainCLI" name="test_start_command" time="0.005" /><testcase classname="tests.test_main.TestMainCLI" name="test_status_command" time="0.006" /><testcase classname="tests.test_main.TestMainCLI" name="test_clean_command" time="0.004" /><testcase classname="tests.test_main.TestMainCLI" name="test_no_command_shows_help" time="0.004"><failure message="AssertionError: Expected 'print_help' to have been called once. Called 0 times.">self = &lt;tests.test_main.TestMainCLI object at 0x7ff39ea3abe0&gt;

    def test_no_command_shows_help(self) -&gt; None:
        """Test no command shows help and exits with code 1."""
        with patch("argparse.ArgumentParser.print_help") as mock_help:
            sys.argv = ["airecon"]
            with pytest.raises(SystemExit) as exc_info:
                main()
    
&gt;           mock_help.assert_called_once()

tests/test_main.py:98: 
_ _ _ _ _ _ _ _ _ _ _ _ _ _ _ _ _ _ _ _ _ _ _ _ _ _ _ _ _ _ _ _ _ _ _ _ _ _ _ _ 

self = &lt;MagicMock name='print_help' id='140684192653936'&gt;

    def assert_called_once(self):
        """assert that the mock was called only once.
        """
        if not self.call_count == 1:
            msg = ("Expected '%s' to have been called once. Called %s times.%s"
                   % (self._mock_name or 'mock',
                      self.call_count,
                      self._calls_repr()))
&gt;           raise AssertionError(msg)
E           AssertionError: Expected 'print_help' to have been called once. Called 0 times.

/usr/lib/python3.13/unittest/mock.py:958: AssertionError</failure></testcase><testcase classname="tests.test_main.TestMainCLI" name="test_custom_config_flag" time="0.005" /><testcase classname="tests.test_main.TestRunProxy" name="test_run_proxy_basic" time="0.002" /><testcase classname="tests.test_main.TestRunProxy" name="test_run_proxy_with_host" time="0.012" /><testcase classname="tests.test_main.TestRunProxy" name="test_run_proxy_with_port" time="0.011" /><testcase classname="tests.test_main.TestRunProxy" name="test_run_proxy_registers_exit_handler" time="0.002" /><testcase classname="tests.test_main.TestRunTUI" name="test_run_tui_basic" time="0.002" /><testcase classname="tests.test_main.TestRunTUI" name="test_run_tui_with_session" time="0.003" /><testcase classname="tests.test_main.TestRunTUI" name="test_run_tui_without_session_clears_stale_env" time="0.003" /><testcase classname="tests.test_main.TestRunTUI" name="test_run_tui_no_proxy_flag" time="0.002" /><testcase classname="tests.test_main.TestRunTUI" name="test_run_tui_crash_handling" time="0.007" /><testcase classname="tests.test_main.TestRunStatus" name="test_run_status_all_services_up" time="0.022" /><testcase classname="tests.test_main.TestRunStatus" name="test_run_status_ollama_down" time="0.045" /><testcase classname="tests.test_main.TestRunClean" name="test_run_clean_basic" time="0.002" /><testcase classname="tests.test_main.TestRunClean" name="test_run_clean_all_flag" time="0.002" /><testcase classname="tests.test_main.TestRunClean" name="test_run_clean_keep_storage_zero" time="0.002" /><testcase classname="tests.test_main.TestUnloadModelSafely" name="test_unload_model_safely_no_model" time="0.328" /><testcase classname="tests.test_main.TestUnloadModelSafely" name="test_unload_model_safely_with_model" time="0.303" /><testcase classname="tests.test_main.TestRunListSessions" name="test_list_sessions_with_sessions" time="0.002" /><testcase classname="tests.test_main.TestRunListSessions" name="test_list_sessions_no_sessions" time="0.001" /><testcase classname="tests.test_property_based.TestUrlNormalization" name="test_url_construction_never_raises" time="0.439" /><testcase classname="tests.test_property_based.TestCommandParsing" name="test_extract_primary_binary_never_raises" time="0.310" /><testcase classname="tests.test_property_based.TestJaccardSimilarity" name="test_jaccard_is_symmetric" time="0.670" /><testcase classname="tests.test_property_based.TestJaccardSimilarity" name="test_jaccard_identical_strings_is_nonzero" time="0.571" /><testcase classname="tests.test_property_based.TestJaccardSimilarity" name="test_jaccard_is_between_zero_and_one" time="0.085" /><testcase classname="tests.test_property_based.TestConfigBounds" name="test_ollama_num_ctx_bounds" time="0.061" /><testcase classname="tests.test_property_based.TestConfigBounds" name="test_agent_max_iterations_bounds" time="0.055" /><testcase classname="tests.test_property_based.TestSeverityValidation" name="test_severity_for_evidence_never_raises" time="0.267" /><testcase classname="tests.tui.test_app" name="test_app_initialization" time="0.019" /><testcase classname="tests.tui.test_app" name="test_app_send_message_triggers_worker" time="0.017" /><testcase classname="tests.tui.test_app" name="test_handle_shell_command_calls_api_shell_and_renders_output" time="0.017" /><testcase classname="tests.tui.test_app" name="test_handle_shell_command_without_args_shows_usage" time="0.014" /><testcase classname="tests.tui.test_app" name="test_app_status_polling_connection" time="0.015" /><testcase classname="tests.tui.test_app" name="test_app_init_default_params" time="0.011" /><testcase classname="tests.tui.test_app" name="test_app_init_no_proxy_flag" time="0.012" /><testcase classname="tests.tui.test_app" name="test_app_init_session_id" time="0.012" /><testcase classname="tests.tui.test_app" name="test_app_init_proxy_url_stripped" time="0.012" /><testcase classname="tests.tui.test_app" name="test_ollama_recovery_marker_detection" time="0.002" /><testcase classname="tests.tui.test_app" name="test_mark_ollama_degraded_updates_status_bar" time="0.017" /><testcase classname="tests.tui.test_app" name="test_mark_ollama_degraded_ignored_when_idle" time="0.012" /><testcase classname="tests.tui.test_app" name="test_history_entries_to_render_supports_tool_calls_and_tool_role" time="0.002" /><testcase classname="tests.tui.test_app" name="test_history_content_to_text_handles_non_string_payloads" time="0.003" /><testcase classname="tests.tui.test_app" name="test_quit_confirm_yes_button" time="0.295" /><testcase classname="tests.tui.test_app" name="test_quit_confirm_no_button" time="0.283" /><testcase classname="tests.tui.test_app" name="test_quit_confirm_key_y" time="0.239" /><testcase classname="tests.tui.test_app" name="test_quit_confirm_key_n" time="0.228" /><testcase classname="tests.tui.test_app" name="test_quit_confirm_key_escape" time="0.219" /><testcase classname="tests.tui.test_app" name="test_quit_confirm_key_enter_defaults_no" time="0.222" /><testcase classname="tests.tui.test_app" name="test_user_input_modal_totp_submit" time="0.707" /><testcase classname="tests.tui.test_app" name="test_user_input_modal_escape_cancel" time="0.234" /><testcase classname="tests.tui.test_app" name="test_user_input_modal_extracts_captcha_screenshot_path" time="0.002" /><testcase classname="tests.tui.test_app" name="test_startup_screen_renders_step_labels" time="0.128" /><testcase classname="tests.tui.test_app" name="test_startup_screen_set_step_ok" time="0.153" /><testcase classname="tests.tui.test_app" name="test_startup_screen_set_step_fail" time="0.158" /><testcase classname="tests.tui.test_app" name="test_startup_screen_set_status" time="0.177" /><testcase classname="tests.tui.test_app" name="test_startup_screen_pending_state_on_mount" time="0.163" /><testcase classname="tests.tui.test_app" name="test_startup_screen_session_label_shown" time="0.218" /><testcase classname="tests.tui.test_app" name="test_startup_screen_proxy_timeout_default" time="0.002" /><testcase classname="tests.tui.test_app" name="test_startup_screen_proxy_timeout_resume_mode" time="0.002" /><testcase classname="tests.tui.test_app" name="test_write_config_value_creates_file" time="0.004" /><testcase classname="tests.tui.test_app" name="test_write_config_value_preserves_existing_keys" time="0.005" /><testcase classname="tests.tui.test_buddy.TestBuddy" name="test_get_frames_exists" time="0.001" /><testcase classname="tests.tui.test_input" name="test_command_input_ctrl_a_select_all_then_backspace_clears_text" time="0.369" /><testcase classname="tests.tui.test_input" name="test_command_input_persistent_history_file_roundtrip" time="0.276" /><testcase classname="tests.tui.test_input" name="test_command_input_history_down_restores_draft" time="0.255" /><testcase classname="tests.tui.test_path_completer.TestListEntriesEmpty" name="test_empty_fragment_returns_home_entries" time="0.006" /><testcase classname="tests.tui.test_path_completer.TestListEntriesEmpty" name="test_slash_only_lists_root" time="0.002" /><testcase classname="tests.tui.test_path_completer.TestListEntriesEmpty" name="test_returns_list_of_tuples" time="0.002" /><testcase classname="tests.tui.test_path_completer.TestListEntriesFiltering" name="test_prefix_filters_entries" time="0.003" /><testcase classname="tests.tui.test_path_completer.TestListEntriesFiltering" name="test_exact_dir_slash_lists_contents" time="0.002" /><testcase classname="tests.tui.test_path_completer.TestListEntriesFiltering" name="test_hidden_files_excluded_by_default" time="0.002" /><testcase classname="tests.tui.test_path_completer.TestListEntriesFiltering" name="test_hidden_files_shown_when_prefix_is_dot" time="0.002" /><testcase classname="tests.tui.test_path_completer.TestListEntriesSorting" name="test_dirs_before_files" time="0.002" /><testcase classname="tests.tui.test_path_completer.TestListEntriesSorting" name="test_alphabetical_within_type" time="0.002" /><testcase classname="tests.tui.test_path_completer.TestListEntriesCap" name="test_capped_at_max_completions" time="0.004" /><testcase classname="tests.tui.test_path_completer.TestListEntriesErrors" name="test_permission_error_returns_empty" time="0.002" /><testcase classname="tests.tui.test_path_completer.TestListEntriesErrors" name="test_nonexistent_path_returns_empty" time="0.001" /><testcase classname="tests.tui.test_path_completer.TestListEntriesErrors" name="test_file_as_base_returns_empty" time="0.002" /><testcase classname="tests.tui.test_startup.TestStartup" name="test_screen_class_exists" time="0.001" /><testcase classname="tests.tui.test_widgets" name="test_chat_panel_add_messages" time="0.067" /><testcase classname="tests.tui.test_widgets" name="test_chat_panel_tool_lifecycle" time="0.240" /><testcase classname="tests.tui.test_widgets" name="test_thinking_spinner_shows_full_buddy_rows_without_remount_churn" time="0.990" /><testcase classname="tests.tui.test_widgets" name="test_stylesheet_keeps_thinking_spinner_multiline_height" time="0.001" /><testcase classname="tests.tui.test_widgets" name="test_stylesheet_has_orange_buddy_spinner_accent" time="0.001" /><testcase classname="tests.tui.test_widgets" name="test_buddy_species_synced_with_openclaude_sprite_pack" time="0.001" /><testcase classname="tests.tui.test_widgets" name="test_chat_text_selection_auto_copies_to_clipboard" time="0.554" /><testcase classname="tests.tui.test_widgets" name="test_status_bar_updates" time="0.100" /><testcase classname="tests.tui.test_widgets" name="test_status_bar_formats_million_tokens_as_int_unit" time="0.001" /><testcase classname="tests.tui.test_widgets" name="test_status_bar_formats_thousand_tokens_as_int_unit" time="0.001" /><testcase classname="tests.tui.test_widgets" name="test_status_bar_set_status_coerces_numeric_fields" time="0.003" /><testcase classname="tests.tui.test_widgets" name="test_status_bar_caido_active_shows_indicator" time="0.116" /><testcase classname="tests.tui.test_widgets" name="test_status_bar_caido_inactive_shows_off_state" time="0.093" /><testcase classname="tests.tui.test_widgets" name="test_status_bar_caido_active_reactive_default_false" time="0.002" /><testcase classname="tests.tui.test_widgets" name="test_status_bar_caido_findings_negative_clamped" time="0.002" /><testcase classname="tests.tui.test_widgets" name="test_status_bar_token_color_low" time="0.001" /><testcase classname="tests.tui.test_widgets" name="test_status_bar_token_color_medium" time="0.001" /><testcase classname="tests.tui.test_widgets" name="test_status_bar_token_color_high" time="0.001" /><testcase classname="tests.tui.test_widgets" name="test_status_bar_format_token_billion" time="0.001" /><testcase classname="tests.tui.test_widgets" name="test_status_bar_format_token_zero" time="0.002" /><testcase classname="tests.tui.widgets.test_chat.TestChatWidget" name="test_chat_panel_exists" time="0.001" /><testcase classname="tests.tui.widgets.test_chat.TestChatWidget" name="test_chat_message_exists" time="0.001" /><testcase classname="tests.tui.widgets.test_file_preview.TestFilePreviewWidget" name="test_file_preview_screen_exists" time="0.001" /><testcase classname="tests.tui.widgets.test_status.TestStatusWidget" name="test_status_bar_exists" time="0.001" /><testcase classname="tests.tui.widgets.test_workspace_widget.TestWorkspaceWidget" name="test_workspace_panel" time="0.001" /><testcase classname="tests.tui.widgets.test_workspace_widget.TestWorkspaceWidget" name="test_workspace_tree" time="0.001" /><testcase classname="tests.tui.widgets.test_workspace_widget.TestWorkspaceWidget" name="test_vuln_tree" time="0.008" /></testsuite></testsuites>